
	title is " HTTP Code Response rate", offset at (character 0, 0, 0)center justified  textcolor lt -1


	title is " total", offset at (character 0, 0, 0)center justified  textcolor lt -1


	title is " HTTP Code Response rate", offset at (character 0, 0, 0)center justified  textcolor lt -1


	title is " total", offset at (character 0, 0, 0)center justified  textcolor lt -1


	title is " Request and tcp/udp connection rate", offset at (character 0, 0, 0)center justified  textcolor lt -1


	title is " Mean request (and connection) duration", offset at (character 0, 0, 0)center justified  textcolor lt -1


	title is " stddev", offset at (character 0, 0, 0)center justified  textcolor lt -1


	title is " max_sample", offset at (character 0, 0, 0)center justified  textcolor lt -1


	title is " min_sample", offset at (character 0, 0, 0)center justified  textcolor lt -1


	title is " Request and tcp/udp connection rate", offset at (character 0, 0, 0)center justified  textcolor lt -1


	title is " Mean request (and connection) duration", offset at (character 0, 0, 0)center justified  textcolor lt -1


	title is " stddev", offset at (character 0, 0, 0)center justified  textcolor lt -1


	title is " max_sample", offset at (character 0, 0, 0)center justified  textcolor lt -1


	title is " min_sample", offset at (character 0, 0, 0)center justified  textcolor lt -1


	title is " Transaction and page rate", offset at (character 0, 0, 0)center justified  textcolor lt -1


	title is " Mean transaction and page duration", offset at (character 0, 0, 0)center justified  textcolor lt -1


	title is " stddev", offset at (character 0, 0, 0)center justified  textcolor lt -1


	title is " max_sample", offset at (character 0, 0, 0)center justified  textcolor lt -1

Warning: empty y range [1248.17:1248.17], adjusting to [1235.69:1260.65]

	title is " min_sample", offset at (character 0, 0, 0)center justified  textcolor lt -1


	title is " Transaction and page rate", offset at (character 0, 0, 0)center justified  textcolor lt -1


	title is " Mean transaction and page duration", offset at (character 0, 0, 0)center justified  textcolor lt -1


	title is " stddev", offset at (character 0, 0, 0)center justified  textcolor lt -1


	title is " max_sample", offset at (character 0, 0, 0)center justified  textcolor lt -1

Warning: empty y range [1248.17:1248.17], adjusting to [1235.69:1260.65]

	title is " min_sample", offset at (character 0, 0, 0)center justified  textcolor lt -1


	title is " rate", offset at (character 0, 0, 0)center justified  textcolor lt -1

Warning: empty x range [292:292], adjusting to [289.08:294.92]
Warning: empty y range [0.1:0.1], adjusting to [0.099:0.101]

	title is " total", offset at (character 0, 0, 0)center justified  textcolor lt -1

Warning: empty x range [292:292], adjusting to [289.08:294.92]
Warning: empty y range [1:1], adjusting to [0.99:1.01]

	title is " rate", offset at (character 0, 0, 0)center justified  textcolor lt -1

Warning: empty x range [292:292], adjusting to [289.08:294.92]
Warning: empty y range [0.1:0.1], adjusting to [0.099:0.101]

	title is " total", offset at (character 0, 0, 0)center justified  textcolor lt -1

Warning: empty x range [292:292], adjusting to [289.08:294.92]
Warning: empty y range [1:1], adjusting to [0.99:1.01]

	title is " Simultaneous users and opened TCP/UDP connections", offset at (character 0, 0, 0)center justified  textcolor lt -1


	title is " maximum_simultaneous", offset at (character 0, 0, 0)center justified  textcolor lt -1


	title is " Simultaneous users and opened TCP/UDP connections", offset at (character 0, 0, 0)center justified  textcolor lt -1


	title is " maximum_simultaneous", offset at (character 0, 0, 0)center justified  textcolor lt -1


	title is " Users arrival/departure rate", offset at (character 0, 0, 0)center justified  textcolor lt -1


	title is " Total users", offset at (character 0, 0, 0)center justified  textcolor lt -1


	title is " Users arrival/departure rate", offset at (character 0, 0, 0)center justified  textcolor lt -1


	title is " Total users", offset at (character 0, 0, 0)center justified  textcolor lt -1


	title is " Network throughput", offset at (character 0, 0, 0)center justified  textcolor lt -1


	title is " Total send/receive bytes", offset at (character 0, 0, 0)center justified  textcolor lt -1


	title is " Network throughput", offset at (character 0, 0, 0)center justified  textcolor lt -1


	title is " Total send/receive bytes", offset at (character 0, 0, 0)center justified  textcolor lt -1


	title is " rate", offset at (character 0, 0, 0)center justified  textcolor lt -1

Warning: empty y range [0.1:0.1], adjusting to [0.099:0.101]

	title is " mean", offset at (character 0, 0, 0)center justified  textcolor lt -1


	title is " stddev", offset at (character 0, 0, 0)center justified  textcolor lt -1

Warning: empty y range [0:0], adjusting to [-1:1]

	title is " max_sample", offset at (character 0, 0, 0)center justified  textcolor lt -1

Warning: empty y range [2.80439:2.80439], adjusting to [2.77634:2.83243]

	title is " min_sample", offset at (character 0, 0, 0)center justified  textcolor lt -1


	title is " rate", offset at (character 0, 0, 0)center justified  textcolor lt -1

Warning: empty y range [0.1:0.1], adjusting to [0.099:0.101]

	title is " mean", offset at (character 0, 0, 0)center justified  textcolor lt -1


	title is " stddev", offset at (character 0, 0, 0)center justified  textcolor lt -1

Warning: empty y range [0:0], adjusting to [-1:1]

	title is " max_sample", offset at (character 0, 0, 0)center justified  textcolor lt -1

Warning: empty y range [2.80439:2.80439], adjusting to [2.77634:2.83243]

	title is " min_sample", offset at (character 0, 0, 0)center justified  textcolor lt -1


	title is " rate", offset at (character 0, 0, 0)center justified  textcolor lt -1

Warning: empty y range [0.1:0.1], adjusting to [0.099:0.101]

	title is " mean", offset at (character 0, 0, 0)center justified  textcolor lt -1


	title is " stddev", offset at (character 0, 0, 0)center justified  textcolor lt -1

Warning: empty y range [0:0], adjusting to [-1:1]

	title is " max_sample", offset at (character 0, 0, 0)center justified  textcolor lt -1


	title is " min_sample", offset at (character 0, 0, 0)center justified  textcolor lt -1

Warning: empty y range [8747.27:8747.27], adjusting to [8659.8:8834.75]

	title is " rate", offset at (character 0, 0, 0)center justified  textcolor lt -1

Warning: empty y range [0.1:0.1], adjusting to [0.099:0.101]

	title is " mean", offset at (character 0, 0, 0)center justified  textcolor lt -1


	title is " stddev", offset at (character 0, 0, 0)center justified  textcolor lt -1

Warning: empty y range [0:0], adjusting to [-1:1]

	title is " max_sample", offset at (character 0, 0, 0)center justified  textcolor lt -1


	title is " min_sample", offset at (character 0, 0, 0)center justified  textcolor lt -1

Warning: empty y range [8747.27:8747.27], adjusting to [8659.8:8834.75]

	title is " rate", offset at (character 0, 0, 0)center justified  textcolor lt -1

Warning: empty y range [0.1:0.1], adjusting to [0.099:0.101]

	title is " mean", offset at (character 0, 0, 0)center justified  textcolor lt -1


	title is " stddev", offset at (character 0, 0, 0)center justified  textcolor lt -1

Warning: empty y range [0:0], adjusting to [-1:1]

	title is " max_sample", offset at (character 0, 0, 0)center justified  textcolor lt -1

Warning: empty y range [0.820312:0.820312], adjusting to [0.812109:0.828516]

	title is " min_sample", offset at (character 0, 0, 0)center justified  textcolor lt -1


	title is " rate", offset at (character 0, 0, 0)center justified  textcolor lt -1

Warning: empty y range [0.1:0.1], adjusting to [0.099:0.101]

	title is " mean", offset at (character 0, 0, 0)center justified  textcolor lt -1


	title is " stddev", offset at (character 0, 0, 0)center justified  textcolor lt -1

Warning: empty y range [0:0], adjusting to [-1:1]

	title is " max_sample", offset at (character 0, 0, 0)center justified  textcolor lt -1

Warning: empty y range [0.820312:0.820312], adjusting to [0.812109:0.828516]

	title is " min_sample", offset at (character 0, 0, 0)center justified  textcolor lt -1

