# stats: dump at 1768508150
stats: users 20 20
stats: {load,"tsung_controller@shikhar-rai-ThinkPad-E16-Gen-3"} 1 0.8203125 0 0.8203125 0.8203125 0 0
stats: {cpu,"tsung_controller@shikhar-rai-ThinkPad-E16-Gen-3"} 1 2.804388777026584 0 2.804388777026584 2.804388777026584 0 0
stats: {freemem,"tsung_controller@shikhar-rai-ThinkPad-E16-Gen-3"} 1 8747.2734375 0 8747.2734375 8747.2734375 0 0
stats: users_count 20 20
stats: finish_users_count 0 0
stats: request 25 320.751 379.9571278492351 1248.17 20.331 0 0
stats: connect 25 54.33560000000001 69.6392986960667 304.056 8.748 0 0
stats: page 25 320.751 379.9571278492351 1248.17 20.331 0 0
stats: tr_request 25 321.16835999999995 379.81470422498177 1248.331 20.53 0 0
stats: 200 25 25
stats: size_rcv 5324 5324
stats: size_sent 1600 1600
stats: connected 18 18
# stats: dump at 1768508160
stats: users 20 20
stats: {load,"tsung_controller@shikhar-rai-ThinkPad-E16-Gen-3"} 1 0.69140625 0.0 0.8203125 0.69140625 0.8203125 1
stats: {cpu,"tsung_controller@shikhar-rai-ThinkPad-E16-Gen-3"} 1 0.6011271133375079 0.0 2.804388777026584 0.6011271133375079 2.804388777026584 1
stats: {freemem,"tsung_controller@shikhar-rai-ThinkPad-E16-Gen-3"} 1 8775.90234375 0.0 8775.90234375 8747.2734375 8747.2734375 1
stats: users_count 0 20
stats: finish_users_count 0 0
stats: request 33 62.920787878787905 34.667343017083034 1248.17 17.59 320.751 25
stats: connect 33 38.94390909090909 32.62624155432912 304.056 6.11 54.33560000000001 25
stats: page 33 62.920787878787905 34.667343017083034 1248.17 17.59 320.751 25
stats: tr_request 33 63.15636363636361 34.67554212184038 1248.331 17.766 321.16835999999995 25
stats: 200 33 58
stats: size_rcv 7029 12353
stats: size_sent 2112 3712
stats: connected -2 16
# stats: dump at 1768508170
stats: users 20 20
stats: {load,"tsung_controller@shikhar-rai-ThinkPad-E16-Gen-3"} 1 0.58984375 0.0 0.8203125 0.58984375 0.755859375 2
stats: {cpu,"tsung_controller@shikhar-rai-ThinkPad-E16-Gen-3"} 1 0.35081125101797905 0.0 2.804388777026584 0.35081125101797905 1.7027579451820458 2
stats: {freemem,"tsung_controller@shikhar-rai-ThinkPad-E16-Gen-3"} 1 8784.15234375 0.0 8784.15234375 8747.2734375 8761.587890625 2
stats: users_count 0 20
stats: finish_users_count 0 0
stats: request 32 47.06859375 63.967905228842774 1248.17 15.58 174.0545 58
stats: connect 32 32.00259374999998 50.75817784656686 304.056 6.11 45.57825862068965 58
stats: page 32 47.06859375 63.967905228842774 1248.17 15.58 174.0545 58
stats: tr_request 32 47.307874999999996 63.93943233969062 1248.331 15.719 174.36843103448274 58
stats: 200 32 90
stats: size_rcv 6799 19152
stats: size_sent 2048 5760
stats: connected 2 18
# stats: dump at 1768508180
stats: users 20 20
stats: {load,"tsung_controller@shikhar-rai-ThinkPad-E16-Gen-3"} 1 0.5 0.0 0.8203125 0.5 0.7005208333333334 3
stats: {cpu,"tsung_controller@shikhar-rai-ThinkPad-E16-Gen-3"} 1 0.36944270507201 0.0 2.804388777026584 0.35081125101797905 1.2521090471273568 3
stats: {freemem,"tsung_controller@shikhar-rai-ThinkPad-E16-Gen-3"} 1 8782.48828125 0.0 8784.15234375 8747.2734375 8769.109375 3
stats: users_count 0 20
stats: finish_users_count 0 0
stats: request 32 35.388031250000004 14.108270430151011 1248.17 15.58 128.90395555555554 90
stats: connect 32 22.446 14.186853013882255 304.056 6.11 40.75135555555555 90
stats: page 32 35.388031250000004 14.108270430151011 1248.17 15.58 128.90395555555554 90
stats: tr_request 32 35.5960625 14.112531886450912 1248.331 15.719 129.1913444444444 90
stats: 200 32 122
stats: size_rcv 6816 25968
stats: size_sent 2048 7808
stats: connected 0 18
# stats: dump at 1768508190
stats: users 20 20
stats: {load,"tsung_controller@shikhar-rai-ThinkPad-E16-Gen-3"} 1 0.421875 0.0 0.8203125 0.421875 0.650390625 4
stats: {cpu,"tsung_controller@shikhar-rai-ThinkPad-E16-Gen-3"} 1 0.5950516755402443 0.0 2.804388777026584 0.35081125101797905 1.03144246161352 4
stats: {freemem,"tsung_controller@shikhar-rai-ThinkPad-E16-Gen-3"} 1 8786.73046875 0.0 8786.73046875 8747.2734375 8772.4541015625 4
stats: users_count 0 20
stats: finish_users_count 0 0
stats: request 34 56.78723529411764 34.325500378563376 1248.17 15.58 104.37518852459014 122
stats: connect 34 37.521617647058825 29.343125003006094 304.056 6.11 35.949950819672125 122
stats: page 34 56.78723529411764 34.325500378563376 1248.17 15.58 104.37518852459014 122
stats: tr_request 34 57.02932352941176 34.3198114657174 1248.331 15.719 104.64176229508195 122
stats: 200 34 156
stats: size_rcv 7208 33176
stats: size_sent 2176 9984
stats: connected 0 18
# stats: dump at 1768508200
stats: users 20 20
stats: {load,"tsung_controller@shikhar-rai-ThinkPad-E16-Gen-3"} 1 0.359375 0.0 0.8203125 0.359375 0.6046875 5
stats: {cpu,"tsung_controller@shikhar-rai-ThinkPad-E16-Gen-3"} 1 0.4445279238667668 0.0 2.804388777026584 0.35081125101797905 0.9441643043988648 5
stats: {freemem,"tsung_controller@shikhar-rai-ThinkPad-E16-Gen-3"} 1 8784.15234375 0.0 8786.73046875 8747.2734375 8775.309375 5
stats: users_count 0 20
stats: finish_users_count 0 0
stats: request 31 33.52706451612903 13.569737371018581 1248.17 15.58 94.0034551282051 156
stats: connect 31 21.652419354838706 12.625327252926807 304.056 6.11 36.292493589743586 156
stats: page 31 33.52706451612903 13.569737371018581 1248.17 15.58 94.0034551282051 156
stats: tr_request 31 33.77635483870969 13.549487433582103 1248.331 15.719 94.26469230769229 156
stats: 200 31 187
stats: size_rcv 6603 39779
stats: size_sent 1984 11968
stats: connected -1 17
# stats: dump at 1768508210
stats: users 20 20
stats: {load,"tsung_controller@shikhar-rai-ThinkPad-E16-Gen-3"} 1 0.30078125 0.0 0.8203125 0.30078125 0.5638020833333334 6
stats: {cpu,"tsung_controller@shikhar-rai-ThinkPad-E16-Gen-3"} 1 0.4568496151198448 0.0 2.804388777026584 0.35081125101797905 0.8608915743101818 6
stats: {freemem,"tsung_controller@shikhar-rai-ThinkPad-E16-Gen-3"} 1 8780.671875 0.0 8786.73046875 8747.2734375 8776.783203125 6
stats: users_count 0 20
stats: finish_users_count 0 0
stats: request 35 43.38459999999999 32.979594640322674 1248.17 13.567 83.97795721925132 187
stats: connect 35 26.56865714285714 15.271067957682702 304.056 6.11 33.865529411764705 187
stats: page 35 43.38459999999999 32.979594640322674 1248.17 13.567 83.97795721925132 187
stats: tr_request 35 43.642485714285726 32.983334056867854 1248.331 13.902 84.2372139037433 187
stats: 200 35 222
stats: size_rcv 7370 47149
stats: size_sent 2240 14208
stats: connected 1 18
# stats: dump at 1768508220
stats: users 20 20
stats: {load,"tsung_controller@shikhar-rai-ThinkPad-E16-Gen-3"} 1 0.25 0.0 0.8203125 0.25 0.5262276785714286 7
stats: {cpu,"tsung_controller@shikhar-rai-ThinkPad-E16-Gen-3"} 1 0.8281053952321205 0.0 2.804388777026584 0.35081125101797905 0.803171294425848 7
stats: {freemem,"tsung_controller@shikhar-rai-ThinkPad-E16-Gen-3"} 1 8761.51171875 0.0 8786.73046875 8747.2734375 8777.33872767857 7
stats: users_count 0 20
stats: finish_users_count 0 0
stats: request 33 51.415727272727274 36.53209607361286 1248.17 13.567 77.57810360360358 222
stats: connect 33 26.11990909090909 23.76597199889669 304.056 6.11 32.71512162162162 222
stats: page 33 51.415727272727274 36.53209607361286 1248.17 13.567 77.57810360360358 222
stats: tr_request 33 51.618484848484854 36.55019055467568 1248.331 13.902 77.83714414414413 222
stats: 200 33 255
stats: size_rcv 7029 54178
stats: size_sent 2112 16320
stats: connected 1 19
# stats: dump at 1768508230
stats: users 20 20
stats: {load,"tsung_controller@shikhar-rai-ThinkPad-E16-Gen-3"} 1 0.2109375 0.0 0.8203125 0.2109375 0.49169921875 8
stats: {cpu,"tsung_controller@shikhar-rai-ThinkPad-E16-Gen-3"} 1 2.3833480065400576 0.0 2.804388777026584 0.35081125101797905 0.8062880570266321 8
stats: {freemem,"tsung_controller@shikhar-rai-ThinkPad-E16-Gen-3"} 1 8773.58203125 0.0 8786.73046875 8747.2734375 8775.3603515625 8
stats: users_count 0 20
stats: finish_users_count 0 0
stats: request 32 35.763281249999984 12.391071037329601 1248.17 13.567 74.19238431372548 255
stats: connect 32 23.122656250000002 11.204361242417434 304.056 6.11 31.861623529411766 255
stats: page 32 35.763281249999984 12.391071037329601 1248.17 13.567 74.19238431372548 255
stats: tr_request 32 35.9790625 12.374412155072006 1248.331 13.902 74.44414117647058 255
stats: 200 32 287
stats: size_rcv 6816 60994
stats: size_sent 2048 18368
stats: connected -2 17
# stats: dump at 1768508240
stats: users 20 20
stats: {load,"tsung_controller@shikhar-rai-ThinkPad-E16-Gen-3"} 1 0.1796875 0.0 0.8203125 0.1796875 0.4605034722222222 9
stats: {cpu,"tsung_controller@shikhar-rai-ThinkPad-E16-Gen-3"} 1 0.5133663056407688 0.0 2.804388777026584 0.35081125101797905 0.9815169403059016 9
stats: {freemem,"tsung_controller@shikhar-rai-ThinkPad-E16-Gen-3"} 1 8793.59765625 0.0 8793.59765625 8747.2734375 8775.162760416666 9
stats: users_count 0 20
stats: finish_users_count 0 0
stats: request 35 47.08188571428571 23.651263392133657 1248.17 13.567 69.90760627177698 287
stats: connect 35 31.999457142857143 21.254071614422973 304.056 6.11 30.88724390243902 287
stats: page 35 47.08188571428571 23.651263392133657 1248.17 13.567 69.90760627177698 287
stats: tr_request 35 47.30811428571429 23.65849870586699 1248.331 13.902 70.15535191637629 287
stats: 200 35 322
stats: size_rcv 7455 68449
stats: size_sent 2240 20608
stats: connected 1 18
# stats: dump at 1768508250
stats: users 20 20
stats: {load,"tsung_controller@shikhar-rai-ThinkPad-E16-Gen-3"} 1 0.1484375 0.0 0.8203125 0.1484375 0.432421875 10
stats: {cpu,"tsung_controller@shikhar-rai-ThinkPad-E16-Gen-3"} 1 0.3442879499217527 0.0 2.804388777026584 0.3442879499217527 0.9347018768393884 10
stats: {freemem,"tsung_controller@shikhar-rai-ThinkPad-E16-Gen-3"} 1 8792.50390625 0.0 8793.59765625 8747.2734375 8777.00625 10
stats: users_count 0 20
stats: finish_users_count 0 0
stats: request 30 53.84753333333333 69.10892558550033 1248.17 13.567 67.42654968944098 322
stats: connect 30 41.61076666666668 64.95117182863002 304.056 6.052 31.00813664596273 322
stats: page 30 53.84753333333333 69.10892558550033 1248.17 13.567 67.42654968944098 322
stats: tr_request 30 54.11093333333336 69.09558619667557 1248.331 13.902 67.67195652173912 322
stats: 200 30 352
stats: size_rcv 6390 74839
stats: size_sent 1920 22528
stats: connected -2 16
# stats: dump at 1768508260
stats: users 20 20
stats: {load,"tsung_controller@shikhar-rai-ThinkPad-E16-Gen-3"} 1 0.12890625 0.0 0.8203125 0.12890625 0.40660511363636365 11
stats: {cpu,"tsung_controller@shikhar-rai-ThinkPad-E16-Gen-3"} 1 0.40057582775239403 0.0 2.804388777026584 0.3442879499217527 0.8810278834832398 11
stats: {freemem,"tsung_controller@shikhar-rai-ThinkPad-E16-Gen-3"} 1 8792.83203125 0.0 8793.59765625 8747.2734375 8778.41512784091 11
stats: users_count 0 20
stats: finish_users_count 0 0
stats: request 35 59.94925714285715 41.21493754477363 1248.17 13.567 66.2692471590909 352
stats: connect 35 46.18708571428571 42.24984456192636 304.056 6.052 31.911769886363633 352
stats: page 35 59.94925714285715 41.21493754477363 1248.17 13.567 66.2692471590909 352
stats: tr_request 35 60.1769142857143 41.22906957085458 1248.331 13.902 66.51618749999999 352
stats: 200 35 387
stats: size_rcv 7438 82277
stats: size_sent 2240 24768
stats: connected 1 17
# stats: dump at 1768508270
stats: users 20 20
stats: {load,"tsung_controller@shikhar-rai-ThinkPad-E16-Gen-3"} 1 0.109375 0.0 0.8203125 0.109375 0.3834635416666667 12
stats: {cpu,"tsung_controller@shikhar-rai-ThinkPad-E16-Gen-3"} 1 0.33191382765531063 0.0 2.804388777026584 0.33191382765531063 0.8409902121723359 12
stats: {freemem,"tsung_controller@shikhar-rai-ThinkPad-E16-Gen-3"} 1 8792.87890625 0.0 8793.59765625 8747.2734375 8779.616536458334 12
stats: users_count 0 20
stats: finish_users_count 0 0
stats: request 35 44.637485714285724 30.785855145663827 1248.17 13.567 65.69767183462531 387
stats: connect 35 23.57114285714285 11.8988401599072 304.056 6.052 33.20281912144702 387
stats: page 35 44.637485714285724 30.785855145663827 1248.17 13.567 65.69767183462531 387
stats: tr_request 35 44.87908571428573 30.78236382399268 1248.331 13.902 65.94286821705425 387
stats: 200 35 422
stats: size_rcv 7455 89732
stats: size_sent 2240 27008
stats: connected 3 20
# stats: dump at 1768508280
stats: users 20 20
stats: {load,"tsung_controller@shikhar-rai-ThinkPad-E16-Gen-3"} 1 0.171875 0.0 0.8203125 0.109375 0.3623798076923077 13
stats: {cpu,"tsung_controller@shikhar-rai-ThinkPad-E16-Gen-3"} 1 0.31938877755511025 0.0 2.804388777026584 0.31938877755511025 0.8018304902864108 13
stats: {freemem,"tsung_controller@shikhar-rai-ThinkPad-E16-Gen-3"} 1 8790.70703125 0.0 8793.59765625 8747.2734375 8780.63671875 13
stats: users_count 0 20
stats: finish_users_count 0 0
stats: request 30 44.279999999999994 19.24164241603784 1248.17 13.567 63.95097393364929 422
stats: connect 30 26.43893333333334 16.080035240287533 304.056 6.052 32.40398341232227 422
stats: page 30 44.279999999999994 19.24164241603784 1248.17 13.567 63.95097393364929 422
stats: tr_request 30 44.50326666666667 19.220570756238107 1248.331 13.902 64.19587203791468 422
stats: 200 30 452
stats: size_rcv 6390 96122
stats: size_sent 1920 28928
stats: connected -4 16
# stats: dump at 1768508290
stats: users 20 20
stats: {load,"tsung_controller@shikhar-rai-ThinkPad-E16-Gen-3"} 1 0.140625 0.0 0.8203125 0.109375 0.34877232142857145 14
stats: {cpu,"tsung_controller@shikhar-rai-ThinkPad-E16-Gen-3"} 1 0.35050384928334477 0.0 2.804388777026584 0.31938877755511025 0.7673703679484608 14
stats: {freemem,"tsung_controller@shikhar-rai-ThinkPad-E16-Gen-3"} 1 8794.12109375 0.0 8794.12109375 8747.2734375 8781.356026785714 14
stats: users_count 0 20
stats: finish_users_count 0 0
stats: request 34 101.41138235294116 76.49565687056808 1248.17 13.567 62.64537831858407 452
stats: connect 34 82.9250882352941 75.26866756038493 310.801 6.052 32.00807300884955 452
stats: page 34 101.41138235294116 76.49565687056808 1248.17 13.567 62.64537831858407 452
stats: tr_request 34 101.63282352941177 76.47451038109156 1248.331 13.902 62.88884070796459 452
stats: 200 34 486
stats: size_rcv 7242 103364
stats: size_sent 2176 31104
stats: connected 3 19
# stats: dump at 1768508300
stats: users 20 20
stats: {load,"tsung_controller@shikhar-rai-ThinkPad-E16-Gen-3"} 1 0.12109375 0.0 0.8203125 0.109375 0.33489583333333334 15
stats: {cpu,"tsung_controller@shikhar-rai-ThinkPad-E16-Gen-3"} 1 0.3691884112383455 0.0 2.804388777026584 0.31938877755511025 0.7395792667041197 15
stats: {freemem,"tsung_controller@shikhar-rai-ThinkPad-E16-Gen-3"} 1 8794.76171875 0.0 8794.76171875 8747.2734375 8782.20703125 15
stats: users_count 0 20
stats: finish_users_count 0 0
stats: request 34 87.8586764705882 77.4718273433946 1248.17 13.567 65.35740329218108 486
stats: connect 34 50.55382352941177 53.64782389779531 310.801 6.052 35.570168724279824 486
stats: page 34 87.8586764705882 77.4718273433946 1248.17 13.567 65.35740329218108 486
stats: tr_request 34 88.09997058823531 77.48434578047714 1248.331 13.902 65.59932510288064 486
stats: 200 34 520
stats: size_rcv 7225 110589
stats: size_sent 2176 33280
stats: connected -1 18
# stats: dump at 1768508310
stats: users 20 20
stats: {load,"tsung_controller@shikhar-rai-ThinkPad-E16-Gen-3"} 1 0.1015625 0.0 0.8203125 0.1015625 0.321533203125 16
stats: {cpu,"tsung_controller@shikhar-rai-ThinkPad-E16-Gen-3"} 1 0.34439574201628054 0.0 2.804388777026584 0.31938877755511025 0.7164298382375088 16
stats: {freemem,"tsung_controller@shikhar-rai-ThinkPad-E16-Gen-3"} 1 8793.8203125 0.0 8794.76171875 8747.2734375 8782.99169921875 16
stats: users_count 0 20
stats: finish_users_count 0 0
stats: request 32 75.36690625000003 65.58154970738693 1248.17 13.567 66.8286403846154 520
stats: connect 32 40.430125000000004 42.97963088614623 310.801 6.052 36.549869230769225 520
stats: page 32 75.36690625000003 65.58154970738693 1248.17 13.567 66.8286403846154 520
stats: tr_request 32 75.61731249999998 65.59526832089219 1248.331 13.902 67.07052115384613 520
stats: 200 32 552
stats: size_rcv 6799 117388
stats: size_sent 2048 35328
stats: connected 2 20
# stats: dump at 1768508320
stats: users 20 20
stats: {load,"tsung_controller@shikhar-rai-ThinkPad-E16-Gen-3"} 1 0.171875 0.0 0.8203125 0.1015625 0.30859375 17
stats: {cpu,"tsung_controller@shikhar-rai-ThinkPad-E16-Gen-3"} 1 0.3318722604884158 0.0 2.804388777026584 0.31938877755511025 0.6945454796362601 17
stats: {freemem,"tsung_controller@shikhar-rai-ThinkPad-E16-Gen-3"} 1 8797.171875 0.0 8797.171875 8747.2734375 8783.628676470587 17
stats: users_count 0 20
stats: finish_users_count 0 0
stats: request 33 43.36406060606061 34.86666808210733 1248.17 13.567 67.32361231884059 552
stats: connect 33 29.420848484848477 33.39288923410619 310.801 6.052 36.774811594202895 552
stats: page 33 43.36406060606061 34.86666808210733 1248.17 13.567 67.32361231884059 552
stats: tr_request 33 43.59439393939393 34.8638734612722 1248.331 13.902 67.56598731884056 552
stats: 200 33 585
stats: size_rcv 7029 124417
stats: size_sent 2112 37440
stats: connected -1 19
# stats: dump at 1768508330
stats: users 20 20
stats: {load,"tsung_controller@shikhar-rai-ThinkPad-E16-Gen-3"} 1 0.140625 0.0 0.8203125 0.1015625 0.3009982638888889 18
stats: {cpu,"tsung_controller@shikhar-rai-ThinkPad-E16-Gen-3"} 1 0.6072367597345686 0.0 2.804388777026584 0.31938877755511025 0.6743969674613798 18
stats: {freemem,"tsung_controller@shikhar-rai-ThinkPad-E16-Gen-3"} 1 8783.20703125 0.0 8797.171875 8747.2734375 8784.381076388889 18
stats: users_count 0 20
stats: finish_users_count 0 0
stats: request 33 41.70221212121211 26.42341141781289 1248.17 13.567 65.97204786324788 585
stats: connect 35 24.56014285714286 25.748099369682038 310.801 5.963 36.35997264957264 585
stats: page 33 41.70221212121211 26.42341141781289 1248.17 13.567 65.97204786324788 585
stats: tr_request 33 41.91230303030303 26.412936297344274 1248.331 13.902 66.21374358974357 585
stats: 200 33 618
stats: size_rcv 7012 131429
stats: size_sent 2240 39680
stats: connected -1 18
# stats: dump at 1768508340
stats: users 20 20
stats: {load,"tsung_controller@shikhar-rai-ThinkPad-E16-Gen-3"} 1 0.12109375 0.0 0.8203125 0.1015625 0.2925575657894737 19
stats: {cpu,"tsung_controller@shikhar-rai-ThinkPad-E16-Gen-3"} 1 0.319348778960551 0.0 2.804388777026584 0.319348778960551 0.6708622196862845 19
stats: {freemem,"tsung_controller@shikhar-rai-ThinkPad-E16-Gen-3"} 1 8790.34375 0.0 8797.171875 8747.2734375 8784.319284539473 19
stats: users_count 0 20
stats: finish_users_count 0 0
stats: request 34 39.47994117647058 16.69664047036229 1248.17 13.567 64.67608576051782 618
stats: connect 32 27.434718749999995 16.582768752975134 310.801 5.963 35.69385322580644 620
stats: page 34 39.47994117647058 16.69664047036229 1248.17 13.567 64.67608576051782 618
stats: tr_request 34 39.700411764705876 16.71858278562695 1248.331 13.902 64.91609385113266 618
stats: 200 34 652
stats: size_rcv 7208 138637
stats: size_sent 2048 41728
stats: connected 2 20
# stats: dump at 1768508350
stats: users 20 20
stats: {load,"tsung_controller@shikhar-rai-ThinkPad-E16-Gen-3"} 1 0.171875 0.0 0.8203125 0.1015625 0.283984375 20
stats: {cpu,"tsung_controller@shikhar-rai-ThinkPad-E16-Gen-3"} 1 0.29424654103800163 0.0 2.804388777026584 0.29424654103800163 0.6532865476499977 20
stats: {freemem,"tsung_controller@shikhar-rai-ThinkPad-E16-Gen-3"} 1 8791.48828125 0.0 8797.171875 8747.2734375 8784.6205078125 20
stats: users_count 0 20
stats: finish_users_count 0 0
stats: request 33 41.274969696969684 23.689091819685828 1248.17 13.567 63.36217638036811 652
stats: connect 33 27.3779393939394 19.659925385874313 310.801 5.963 35.28849693251533 652
stats: page 33 41.274969696969684 23.689091819685828 1248.17 13.567 63.36217638036811 652
stats: tr_request 33 41.50454545454544 23.675118127881554 1248.331 13.902 63.60116564417176 652
stats: 200 33 685
stats: size_rcv 7011 145648
stats: size_sent 2112 43840
stats: connected -1 19
# stats: dump at 1768508360
stats: users 20 20
stats: {load,"tsung_controller@shikhar-rai-ThinkPad-E16-Gen-3"} 1 0.23046875 0.0 0.8203125 0.1015625 0.2786458333333333 21
stats: {cpu,"tsung_controller@shikhar-rai-ThinkPad-E16-Gen-3"} 1 0.33804933016151245 0.0 2.804388777026584 0.29424654103800163 0.6361894044779979 21
stats: {freemem,"tsung_controller@shikhar-rai-ThinkPad-E16-Gen-3"} 1 8792.33984375 0.0 8797.171875 8747.2734375 8784.947544642857 21
stats: users_count 0 20
stats: finish_users_count 0 0
stats: request 31 63.6770322580645 43.898137605791696 1248.17 13.567 62.298121167883224 685
stats: connect 31 44.34158064516129 39.49322556997485 310.801 5.963 34.90740437956204 685
stats: page 31 63.6770322580645 43.898137605791696 1248.17 13.567 62.298121167883224 685
stats: tr_request 31 63.884806451612896 43.886537873004606 1248.331 13.902 62.53665693430655 685
stats: 200 31 716
stats: size_rcv 6586 152234
stats: size_sent 1984 45824
stats: connected -5 14
# stats: dump at 1768508370
stats: users 20 20
stats: {load,"tsung_controller@shikhar-rai-ThinkPad-E16-Gen-3"} 1 0.19140625 0.0 0.8203125 0.1015625 0.2764559659090909 22
stats: {cpu,"tsung_controller@shikhar-rai-ThinkPad-E16-Gen-3"} 1 0.3379012577435705 0.0 2.804388777026584 0.29424654103800163 0.6226375829181576 22
stats: {freemem,"tsung_controller@shikhar-rai-ThinkPad-E16-Gen-3"} 1 8792.6484375 0.0 8797.171875 8747.2734375 8785.283558238636 22
stats: users_count 0 20
stats: finish_users_count 0 0
stats: request 36 42.61122222222223 24.048059213803864 1248.17 13.567 62.35782262569833 716
stats: connect 36 30.26449999999999 24.52148557501269 310.801 5.963 35.31586731843575 716
stats: page 36 42.61122222222223 24.048059213803864 1248.17 13.567 62.35782262569833 716
stats: tr_request 36 42.84161111111111 24.047545921543957 1248.331 13.902 62.59502653631282 716
stats: 200 36 752
stats: size_rcv 7634 159868
stats: size_sent 2304 48128
stats: connected 6 20
# stats: dump at 1768508380
stats: users 20 20
stats: {load,"tsung_controller@shikhar-rai-ThinkPad-E16-Gen-3"} 1 0.16015625 0.0 0.8203125 0.1015625 0.272758152173913 23
stats: {cpu,"tsung_controller@shikhar-rai-ThinkPad-E16-Gen-3"} 1 0.37546933667083854 0.0 2.804388777026584 0.29424654103800163 0.6102577426931756 23
stats: {freemem,"tsung_controller@shikhar-rai-ThinkPad-E16-Gen-3"} 1 8792.87890625 0.0 8797.171875 8747.2734375 8785.603770380434 23
stats: users_count 0 20
stats: finish_users_count 0 0
stats: request 32 39.059406249999995 26.362430379068066 1248.17 13.567 61.41250664893618 752
stats: connect 32 21.321906250000005 19.65051065233321 310.801 5.963 35.07404654255319 752
stats: page 32 39.059406249999995 26.362430379068066 1248.17 13.567 61.41250664893618 752
stats: tr_request 32 39.29743749999999 26.348859429700052 1248.331 13.902 61.64938430851062 752
stats: 200 32 784
stats: size_rcv 6748 166616
stats: size_sent 2048 50176
stats: connected -2 18
# stats: dump at 1768508390
stats: users 20 20
stats: {load,"tsung_controller@shikhar-rai-ThinkPad-E16-Gen-3"} 1 0.140625 0.0 0.8203125 0.1015625 0.26806640625 24
stats: {cpu,"tsung_controller@shikhar-rai-ThinkPad-E16-Gen-3"} 1 0.31922884326489737 0.0 2.804388777026584 0.29424654103800163 0.6004748924422448 24
stats: {freemem,"tsung_controller@shikhar-rai-ThinkPad-E16-Gen-3"} 1 8792.1328125 0.0 8797.171875 8747.2734375 8785.906901041666 24
stats: users_count 0 20
stats: finish_users_count 0 0
stats: request 32 51.29265625 40.25558422645342 1248.17 13.567 60.500135204081644 784
stats: connect 32 40.87446874999999 40.96522739164307 310.801 5.963 34.512734693877555 784
stats: page 32 51.29265625 40.25558422645342 1248.17 13.567 60.500135204081644 784
stats: tr_request 32 51.52806249999999 40.25806488063719 1248.331 13.902 60.73705994897957 784
stats: 200 32 816
stats: size_rcv 6799 173415
stats: size_sent 2048 52224
stats: connected -2 16
# stats: dump at 1768508400
stats: users 20 20
stats: {load,"tsung_controller@shikhar-rai-ThinkPad-E16-Gen-3"} 1 0.109375 0.0 0.8203125 0.1015625 0.26296875 25
stats: {cpu,"tsung_controller@shikhar-rai-ThinkPad-E16-Gen-3"} 1 0.35056967572305 0.0 2.804388777026584 0.29424654103800163 0.589225050475151 25
stats: {freemem,"tsung_controller@shikhar-rai-ThinkPad-E16-Gen-3"} 1 8793.5234375 0.0 8797.171875 8747.2734375 8786.1559375 25
stats: users_count 0 20
stats: finish_users_count 0 0
stats: request 34 38.445852941176476 18.155981942651934 1248.17 13.567 60.13905759803922 816
stats: connect 34 19.591088235294116 12.24299123957109 310.801 5.912 34.76221446078432 816
stats: page 34 38.445852941176476 18.155981942651934 1248.17 13.567 60.13905759803922 816
stats: tr_request 34 38.67761764705881 18.157818367943264 1248.331 13.902 60.37592279411763 816
stats: 200 34 850
stats: size_rcv 7190 180605
stats: size_sent 2176 54400
stats: connected 2 18
# stats: dump at 1768508410
stats: users 20 20
stats: {load,"tsung_controller@shikhar-rai-ThinkPad-E16-Gen-3"} 1 0.1015625 0.0 0.8203125 0.1015625 0.257061298076923 26
stats: {cpu,"tsung_controller@shikhar-rai-ThinkPad-E16-Gen-3"} 1 0.35052578868302453 0.0 2.804388777026584 0.29424654103800163 0.5800459976000701 26
stats: {freemem,"tsung_controller@shikhar-rai-ThinkPad-E16-Gen-3"} 1 8792.65625 0.0 8797.171875 8747.2734375 8786.439302884615 26
stats: users_count 0 20
stats: finish_users_count 0 0
stats: request 34 33.94902941176471 12.642969998441343 1248.17 13.567 59.27132941176471 850
stats: connect 34 17.62023529411764 9.188162605346282 310.801 5.912 34.15536941176471 850
stats: page 34 33.94902941176471 12.642969998441343 1248.17 13.567 59.27132941176471 850
stats: tr_request 34 34.19152941176471 12.674475228109385 1248.331 13.902 59.50799058823527 850
stats: 200 34 884
stats: size_rcv 7225 187830
stats: size_sent 2176 56576
stats: connected 0 18
# stats: dump at 1768508420
stats: users 20 20
stats: {load,"tsung_controller@shikhar-rai-ThinkPad-E16-Gen-3"} 1 0.078125 0.0 0.8203125 0.078125 0.25130208333333326 27
stats: {cpu,"tsung_controller@shikhar-rai-ThinkPad-E16-Gen-3"} 1 0.45084533500313084 0.0 2.804388777026584 0.29424654103800163 0.571545249121661 27
stats: {freemem,"tsung_controller@shikhar-rai-ThinkPad-E16-Gen-3"} 1 8780.609375 0.0 8797.171875 8747.2734375 8786.669560185184 27
stats: users_count 0 20
stats: finish_users_count 0 0
stats: request 32 39.96896875000001 15.456558473436878 1248.17 13.567 58.2973947963801 884
stats: connect 32 23.292343749999997 14.679064231945642 310.801 5.912 33.51940271493213 884
stats: page 32 39.96896875000001 15.456558473436878 1248.17 13.567 58.2973947963801 884
stats: tr_request 32 40.20259374999999 15.4785851559085 1248.331 13.902 58.5342805429864 884
stats: 200 32 916
stats: size_rcv 6782 194612
stats: size_sent 2048 58624
stats: connected -2 16
# stats: dump at 1768508430
stats: users 20 20
stats: {load,"tsung_controller@shikhar-rai-ThinkPad-E16-Gen-3"} 1 0.0703125 0.0 0.8203125 0.0703125 0.24511718749999994 28
stats: {cpu,"tsung_controller@shikhar-rai-ThinkPad-E16-Gen-3"} 1 0.3945885005636978 0.0 2.804388777026584 0.29424654103800163 0.5672345379031422 28
stats: {freemem,"tsung_controller@shikhar-rai-ThinkPad-E16-Gen-3"} 1 8786.71484375 0.0 8797.171875 8747.2734375 8786.453124999998 28
stats: users_count 0 20
stats: finish_users_count 0 0
stats: request 31 68.01090322580647 97.57036344768434 1248.17 13.567 57.657100436681226 916
stats: connect 31 39.548612903225795 56.23528142498204 310.801 5.912 33.16212554585153 916
stats: page 31 68.01090322580647 97.57036344768434 1248.17 13.567 57.657100436681226 916
stats: tr_request 31 68.22112903225805 97.60707250774269 1248.331 13.902 57.893872270742335 916
stats: 200 31 947
stats: size_rcv 6535 201147
stats: size_sent 1984 60608
stats: connected 2 18
# stats: dump at 1768508440
stats: users 20 20
stats: {load,"tsung_controller@shikhar-rai-ThinkPad-E16-Gen-3"} 1 0.05859375 0.0 0.8203125 0.05859375 0.23908943965517235 29
stats: {cpu,"tsung_controller@shikhar-rai-ThinkPad-E16-Gen-3"} 1 0.3320177911420159 0.0 2.804388777026584 0.29424654103800163 0.5612812262707475 29
stats: {freemem,"tsung_controller@shikhar-rai-ThinkPad-E16-Gen-3"} 1 8790.515625 0.0 8797.171875 8747.2734375 8786.46214978448 29
stats: users_count 0 20
stats: finish_users_count 0 0
stats: request 35 34.64334285714286 16.530444997800455 1248.17 13.567 57.99603167898628 947
stats: connect 35 20.074857142857145 11.128652528220906 310.801 5.912 33.37118690601901 947
stats: page 35 34.64334285714286 16.530444997800455 1248.17 13.567 57.99603167898628 947
stats: tr_request 35 34.87394285714287 16.51918476359768 1248.331 13.902 58.23193453009501 947
stats: 200 35 982
stats: size_rcv 7438 208585
stats: size_sent 2240 62848
stats: connected 0 18
# stats: dump at 1768508442
stats: users 20 20
stats: {load,"tsung_controller@shikhar-rai-ThinkPad-E16-Gen-3"} 1 0.19921875 0.0 0.8203125 0.05859375 0.2330729166666666 30
stats: {cpu,"tsung_controller@shikhar-rai-ThinkPad-E16-Gen-3"} 1 0.3569415743002066 0.0 2.804388777026584 0.29424654103800163 0.5536391117664564 30
stats: {freemem,"tsung_controller@shikhar-rai-ThinkPad-E16-Gen-3"} 1 8789.8359375 0.0 8797.171875 8747.2734375 8786.597265624996 30
stats: users_count 0 20
stats: finish_users_count 0 0
stats: request 5 38.5178 5.443316834431006 1248.17 13.567 57.16370570264766 982
stats: connect 5 21.2892 5.787231372599511 310.801 5.912 32.8972851323829 982
stats: page 5 38.5178 5.443316834431006 1248.17 13.567 57.16370570264766 982
stats: tr_request 5 38.7296 5.437765813272947 1248.331 13.902 57.399419551934805 982
stats: 200 5 987
stats: size_rcv 1065 209650
stats: size_sent 320 63168
stats: connected 2 20
stats: error_abort 1 1
EndMonitor:{1768,508442,793109}
