# stats: dump at 1768500390
stats: users 20 20
stats: {load,"tsung_controller@shikhar-rai-ThinkPad-E16-Gen-3"} 1 0.91015625 0 0.91015625 0.91015625 0 0
stats: {cpu,"tsung_controller@shikhar-rai-ThinkPad-E16-Gen-3"} 1 2.8208354312375223 0 2.8208354312375223 2.8208354312375223 0 0
stats: {freemem,"tsung_controller@shikhar-rai-ThinkPad-E16-Gen-3"} 1 9808.515625 0 9808.515625 9808.515625 0 0
stats: users_count 20 20
stats: finish_users_count 0 0
stats: request 33 279.6622727272727 483.0552921298795 1368.662 3.143 0 0
stats: connect 33 1.1479696969696962 0.22906932718608122 1.59 0.384 0 0
stats: page 33 279.6622727272727 483.0552921298795 1368.662 3.143 0 0
stats: tr_request 33 279.9361515151516 482.9970087503285 1368.911 3.243 0 0
stats: 200 33 33
stats: size_rcv 7022 7022
stats: size_sent 2112 2112
stats: connected 16 16
# stats: dump at 1768500400
stats: users 20 20
stats: {load,"tsung_controller@shikhar-rai-ThinkPad-E16-Gen-3"} 1 0.76953125 0.0 0.91015625 0.76953125 0.91015625 1
stats: {cpu,"tsung_controller@shikhar-rai-ThinkPad-E16-Gen-3"} 1 1.2478053674441936 0.0 2.8208354312375223 1.2478053674441936 2.8208354312375223 1
stats: {freemem,"tsung_controller@shikhar-rai-ThinkPad-E16-Gen-3"} 1 9836.359375 0.0 9836.359375 9808.515625 9808.515625 1
stats: users_count 0 20
stats: finish_users_count 0 0
stats: request 27 4.938370370370371 1.1500937851660795 1368.662 3.143 279.6622727272727 33
stats: connect 27 1.1708148148148148 0.36168177511064603 2.415 0.384 1.1479696969696962 33
stats: page 27 4.938370370370371 1.1500937851660795 1368.662 3.143 279.6622727272727 33
stats: tr_request 27 5.108259259259261 1.1777291266448324 1368.911 3.235 279.9361515151516 33
stats: 200 27 60
stats: size_rcv 5749 12771
stats: size_sent 1728 3840
stats: connected -7 9
# stats: dump at 1768500410
stats: users 20 20
stats: {load,"tsung_controller@shikhar-rai-ThinkPad-E16-Gen-3"} 1 0.6484375 0.0 0.91015625 0.6484375 0.83984375 2
stats: {cpu,"tsung_controller@shikhar-rai-ThinkPad-E16-Gen-3"} 1 2.459530681390388 0.0 2.8208354312375223 1.2478053674441936 2.034320399340858 2
stats: {freemem,"tsung_controller@shikhar-rai-ThinkPad-E16-Gen-3"} 1 9853.7578125 0.0 9853.7578125 9808.515625 9822.4375 2
stats: users_count 0 20
stats: finish_users_count 0 0
stats: request 40 6.994099999999999 9.34982456733815 1368.662 2.979 156.03651666666664 60
stats: connect 40 1.0841 0.24311322465057306 2.415 0.384 1.1582499999999996 60
stats: page 40 6.994099999999999 9.34982456733815 1368.662 2.979 156.03651666666664 60
stats: tr_request 40 7.138150000000001 9.393163518085906 1368.911 3.027 156.26360000000008 60
stats: 200 40 100
stats: size_rcv 8513 21284
stats: size_sent 2560 6400
stats: connected 11 20
# stats: dump at 1768500420
stats: users 20 20
stats: {load,"tsung_controller@shikhar-rai-ThinkPad-E16-Gen-3"} 1 0.55078125 0.0 0.91015625 0.55078125 0.7760416666666666 3
stats: {cpu,"tsung_controller@shikhar-rai-ThinkPad-E16-Gen-3"} 1 0.965577779171108 0.0 2.8208354312375223 0.965577779171108 2.1760571600240346 3
stats: {freemem,"tsung_controller@shikhar-rai-ThinkPad-E16-Gen-3"} 1 9878.84765625 0.0 9878.84765625 9808.515625 9832.877604166666 3
stats: users_count 0 20
stats: finish_users_count 0 0
stats: request 33 4.493393939393937 0.9125224427092831 1368.662 2.979 96.41954999999999 100
stats: connect 33 1.0707272727272727 0.2023976393333516 2.415 0.384 1.1285899999999998 100
stats: page 33 4.493393939393937 0.9125224427092831 1368.662 2.979 96.41954999999999 100
stats: tr_request 33 4.61927272727273 0.9178863160850577 1368.911 3.027 96.61342000000005 100
stats: 200 33 133
stats: size_rcv 7027 28311
stats: size_sent 2112 8512
stats: connected -4 16
# stats: dump at 1768500430
stats: users 20 20
stats: {load,"tsung_controller@shikhar-rai-ThinkPad-E16-Gen-3"} 1 0.5390625 0.0 0.91015625 0.5390625 0.7197265625 4
stats: {cpu,"tsung_controller@shikhar-rai-ThinkPad-E16-Gen-3"} 1 0.9027647169456461 0.0 2.8208354312375223 0.9027647169456461 1.8734373148108028 4
stats: {freemem,"tsung_controller@shikhar-rai-ThinkPad-E16-Gen-3"} 1 9864.85546875 0.0 9878.84765625 9808.515625 9844.3701171875 4
stats: users_count 0 20
stats: finish_users_count 0 0
stats: request 27 4.580000000000001 0.9158305681891327 1368.662 2.979 73.61080451127818 133
stats: connect 28 1.185928571428571 0.22023184675820753 2.415 0.384 1.1142330827067668 133
stats: page 27 4.580000000000001 0.9158305681891327 1368.662 2.979 73.61080451127818 133
stats: tr_request 27 4.739999999999999 0.9087887339546872 1368.911 3.027 73.78780451127822 133
stats: 200 27 160
stats: size_rcv 5750 34061
stats: size_sent 1792 10304
stats: connected -6 10
# stats: dump at 1768500440
stats: users 20 20
stats: {load,"tsung_controller@shikhar-rai-ThinkPad-E16-Gen-3"} 1 0.4609375 0.0 0.91015625 0.4609375 0.68359375 5
stats: {cpu,"tsung_controller@shikhar-rai-ThinkPad-E16-Gen-3"} 1 1.3980314713811046 0.0 2.8208354312375223 0.9027647169456461 1.6793027952377713 5
stats: {freemem,"tsung_controller@shikhar-rai-ThinkPad-E16-Gen-3"} 1 9881.0859375 0.0 9881.0859375 9808.515625 9848.4671875 5
stats: users_count 0 20
stats: finish_users_count 0 0
stats: request 40 10.795825 12.560718567995027 1368.662 2.979 61.96185624999998 160
stats: connect 39 1.16525641025641 0.26293244895850887 2.415 0.384 1.126701863354037 161
stats: page 40 10.795825 12.560718567995027 1368.662 2.979 61.96185624999998 160
stats: tr_request 40 10.972399999999997 12.573849976836849 1368.911 3.027 62.13598750000002 160
stats: 200 40 200
stats: size_rcv 8502 42563
stats: size_sent 2496 12800
stats: connected 10 20
# stats: dump at 1768500450
stats: users 20 20
stats: {load,"tsung_controller@shikhar-rai-ThinkPad-E16-Gen-3"} 1 0.390625 0.0 0.91015625 0.390625 0.646484375 6
stats: {cpu,"tsung_controller@shikhar-rai-ThinkPad-E16-Gen-3"} 1 0.9402030838661152 0.0 2.8208354312375223 0.9027647169456461 1.63242424126166 6
stats: {freemem,"tsung_controller@shikhar-rai-ThinkPad-E16-Gen-3"} 1 9885.265625 0.0 9885.265625 9808.515625 9853.903645833334 6
stats: users_count 0 20
stats: finish_users_count 0 0
stats: request 33 4.877515151515151 0.856417772635285 1368.662 2.979 51.72864999999999 200
stats: connect 33 1.180818181818182 0.24374918238190202 2.415 0.384 1.1342199999999998 200
stats: page 33 4.877515151515151 0.856417772635285 1368.662 2.979 51.72864999999999 200
stats: tr_request 33 5.01587878787879 0.8897909103241621 1368.911 3.027 51.90327000000002 200
stats: 200 33 233
stats: size_rcv 7025 49588
stats: size_sent 2112 14912
stats: connected -4 16
# stats: dump at 1768500460
stats: users 20 20
stats: {load,"tsung_controller@shikhar-rai-ThinkPad-E16-Gen-3"} 1 0.328125 0.0 0.91015625 0.328125 0.6099330357142857 7
stats: {cpu,"tsung_controller@shikhar-rai-ThinkPad-E16-Gen-3"} 1 0.9460560115280998 0.0 2.8208354312375223 0.9027647169456461 1.5335355044908678 7
stats: {freemem,"tsung_controller@shikhar-rai-ThinkPad-E16-Gen-3"} 1 9885.46484375 0.0 9885.46484375 9808.515625 9858.38392857143 7
stats: users_count 0 20
stats: finish_users_count 0 0
stats: request 27 4.619222222222223 0.8740060739399644 1368.662 2.89 45.09308154506437 233
stats: connect 27 1.0805185185185184 0.24785843784834133 2.415 0.384 1.1408197424892703 233
stats: page 27 4.619222222222223 0.8740060739399644 1368.662 2.89 45.09308154506437 233
stats: tr_request 27 4.778518518518518 0.8897346824827164 1368.911 3.027 45.262566523605166 233
stats: 200 27 260
stats: size_rcv 5748 55336
stats: size_sent 1728 16640
stats: connected -2 14
# stats: dump at 1768500470
stats: users 20 20
stats: {load,"tsung_controller@shikhar-rai-ThinkPad-E16-Gen-3"} 1 0.359375 0.0 0.91015625 0.328125 0.57470703125 8
stats: {cpu,"tsung_controller@shikhar-rai-ThinkPad-E16-Gen-3"} 1 0.8403361344537815 0.0 2.8208354312375223 0.8403361344537815 1.460100567870522 8
stats: {freemem,"tsung_controller@shikhar-rai-ThinkPad-E16-Gen-3"} 1 9900.14453125 0.0 9900.14453125 9808.515625 9861.76904296875 8
stats: users_count 0 20
stats: finish_users_count 0 0
stats: request 37 6.907081081081079 6.688753317276083 1368.662 2.89 40.89002692307691 260
stats: connect 37 1.1990000000000003 0.2542419575384303 2.415 0.384 1.134557692307692 260
stats: page 37 6.907081081081079 6.688753317276083 1368.662 2.89 40.89002692307691 260
stats: tr_request 37 7.0342702702702695 6.7013796064434885 1368.911 3.027 41.05845384615386 260
stats: 200 37 297
stats: size_rcv 7878 63214
stats: size_sent 2368 19008
stats: connected 3 17
# stats: dump at 1768500480
stats: users 20 20
stats: {load,"tsung_controller@shikhar-rai-ThinkPad-E16-Gen-3"} 1 0.30078125 0.0 0.91015625 0.30078125 0.55078125 9
stats: {cpu,"tsung_controller@shikhar-rai-ThinkPad-E16-Gen-3"} 1 0.9905335088709172 0.0 2.8208354312375223 0.8403361344537815 1.3912378530464398 9
stats: {freemem,"tsung_controller@shikhar-rai-ThinkPad-E16-Gen-3"} 1 9897.21875 0.0 9900.14453125 9808.515625 9866.032986111111 9
stats: users_count 0 20
stats: finish_users_count 0 0
stats: request 34 8.782852941176472 10.197512101812336 1368.662 2.89 36.65646127946127 297
stats: connect 34 1.0924705882352936 0.2702413121304863 2.415 0.384 1.1425858585858584 297
stats: page 34 8.782852941176472 10.197512101812336 1368.662 2.89 36.65646127946127 297
stats: tr_request 34 8.930352941176473 10.213093547824233 1368.911 3.027 36.81975084175085 297
stats: 200 34 331
stats: size_rcv 7232 70446
stats: size_sent 2176 21184
stats: connected 1 18
# stats: dump at 1768500490
stats: users 20 20
stats: {load,"tsung_controller@shikhar-rai-ThinkPad-E16-Gen-3"} 1 0.26171875 0.0 0.91015625 0.26171875 0.52578125 10
stats: {cpu,"tsung_controller@shikhar-rai-ThinkPad-E16-Gen-3"} 1 0.8962707615167659 0.0 2.8208354312375223 0.8403361344537815 1.3511674186288876 10
stats: {freemem,"tsung_controller@shikhar-rai-ThinkPad-E16-Gen-3"} 1 9893.796875 0.0 9900.14453125 9808.515625 9869.1515625 10
stats: users_count 0 20
stats: finish_users_count 0 0
stats: request 29 4.284241379310343 0.7125363465706883 1368.662 2.89 33.79331117824773 331
stats: connect 29 1.0552068965517245 0.1815985301684299 2.415 0.384 1.1374380664652566 331
stats: page 29 4.284241379310343 0.7125363465706883 1368.662 2.89 33.79331117824773 331
stats: tr_request 29 4.41710344827586 0.7300843760792349 1368.911 3.027 33.95497885196376 331
stats: 200 29 360
stats: size_rcv 6171 76617
stats: size_sent 1856 23040
stats: connected -4 14
# stats: dump at 1768500500
stats: users 20 20
stats: {load,"tsung_controller@shikhar-rai-ThinkPad-E16-Gen-3"} 1 0.21875 0.0 0.91015625 0.21875 0.5017755681818182 11
stats: {cpu,"tsung_controller@shikhar-rai-ThinkPad-E16-Gen-3"} 1 0.8711456505389822 0.0 2.8208354312375223 0.8403361344537815 1.30981317707324 11
stats: {freemem,"tsung_controller@shikhar-rai-ThinkPad-E16-Gen-3"} 1 9896.98828125 0.0 9900.14453125 9808.515625 9871.392045454546 11
stats: users_count 0 20
stats: finish_users_count 0 0
stats: request 37 4.424648648648648 0.9352496766282835 1368.662 2.89 31.41619166666666 360
stats: connect 37 1.1625405405405407 0.24445522384390286 2.415 0.384 1.1308138888888886 360
stats: page 37 4.424648648648648 0.9352496766282835 1368.662 2.89 31.41619166666666 360
stats: tr_request 37 4.56245945945946 0.9491603286260679 1368.911 3.027 31.575538888888897 360
stats: 200 37 397
stats: size_rcv 7875 84492
stats: size_sent 2368 25408
stats: connected 3 17
# stats: dump at 1768500510
stats: users 20 20
stats: {load,"tsung_controller@shikhar-rai-ThinkPad-E16-Gen-3"} 1 0.26171875 0.0 0.91015625 0.21875 0.47819010416666674 12
stats: {cpu,"tsung_controller@shikhar-rai-ThinkPad-E16-Gen-3"} 1 0.8962145901228378 0.0 2.8208354312375223 0.8403361344537815 1.2732575498620518 12
stats: {freemem,"tsung_controller@shikhar-rai-ThinkPad-E16-Gen-3"} 1 9896.0390625 0.0 9900.14453125 9808.515625 9873.525065104166 12
stats: users_count 0 20
stats: finish_users_count 0 0
stats: request 34 5.01744117647059 0.9501165003234349 1368.662 2.89 28.90060705289672 397
stats: connect 34 1.156941176470588 0.2140090626415936 2.415 0.384 1.133770780856423 397
stats: page 34 5.01744117647059 0.9501165003234349 1368.662 2.89 28.90060705289672 397
stats: tr_request 34 5.16155882352941 0.9518200272041197 1368.911 3.027 29.057947103274568 397
stats: 200 34 431
stats: size_rcv 7239 91731
stats: size_sent 2176 27584
stats: connected 1 18
# stats: dump at 1768500520
stats: users 20 20
stats: {load,"tsung_controller@shikhar-rai-ThinkPad-E16-Gen-3"} 1 0.30078125 0.0 0.91015625 0.21875 0.4615384615384616 13
stats: {cpu,"tsung_controller@shikhar-rai-ThinkPad-E16-Gen-3"} 1 1.4792528519493544 0.0 2.8208354312375223 0.8403361344537815 1.2442542452667276 13
stats: {freemem,"tsung_controller@shikhar-rai-ThinkPad-E16-Gen-3"} 1 9896.5390625 0.0 9900.14453125 9808.515625 9875.256911057691 13
stats: users_count 0 20
stats: finish_users_count 0 0
stats: request 29 7.25851724137931 7.635237401727415 1368.662 2.89 27.016552204176328 431
stats: connect 29 1.1834827586206897 0.23611330136619846 2.415 0.384 1.1355986078886309 431
stats: page 29 7.25851724137931 7.635237401727415 1368.662 2.89 27.016552204176328 431
stats: tr_request 29 7.426 7.631453682644274 1368.911 3.027 27.172849187935043 431
stats: 200 29 460
stats: size_rcv 6170 97901
stats: size_sent 1856 29440
stats: connected -4 14
# stats: dump at 1768500530
stats: users 20 20
stats: {load,"tsung_controller@shikhar-rai-ThinkPad-E16-Gen-3"} 1 0.25 0.0 0.91015625 0.21875 0.45005580357142866 14
stats: {cpu,"tsung_controller@shikhar-rai-ThinkPad-E16-Gen-3"} 1 0.8841234010534237 0.0 2.8208354312375223 0.8403361344537815 1.2610398600297723 14
stats: {freemem,"tsung_controller@shikhar-rai-ThinkPad-E16-Gen-3"} 1 9895.22265625 0.0 9900.14453125 9808.515625 9876.777064732143 14
stats: users_count 0 20
stats: finish_users_count 0 0
stats: request 37 4.6057567567567546 1.0030729381311723 1368.662 2.89 25.770936956521734 460
stats: connect 37 1.1327837837837837 0.1964479348030559 2.415 0.384 1.1386173913043476 460
stats: page 37 4.6057567567567546 1.0030729381311723 1368.662 2.89 25.770936956521734 460
stats: tr_request 37 4.735081081081082 1.0047963993947577 1368.911 3.027 25.927939130434787 460
stats: 200 37 497
stats: size_rcv 7877 105778
stats: size_sent 2368 31808
stats: connected 3 17
# stats: dump at 1768500540
stats: users 20 20
stats: {load,"tsung_controller@shikhar-rai-ThinkPad-E16-Gen-3"} 1 0.2109375 0.0 0.91015625 0.2109375 0.43671875000000004 15
stats: {cpu,"tsung_controller@shikhar-rai-ThinkPad-E16-Gen-3"} 1 1.1471196640130383 0.0 2.8208354312375223 0.8403361344537815 1.2359120960980157 15
stats: {freemem,"tsung_controller@shikhar-rai-ThinkPad-E16-Gen-3"} 1 9887.33203125 0.0 9900.14453125 9808.515625 9878.006770833334 15
stats: users_count 0 20
stats: finish_users_count 0 0
stats: request 34 4.473411764705881 0.9182385348701155 1368.662 2.89 24.19525955734406 497
stats: connect 34 1.0706764705882355 0.24840594392199744 2.415 0.384 1.138183098591549 497
stats: page 34 4.473411764705881 0.9182385348701155 1368.662 2.89 24.19525955734406 497
stats: tr_request 34 4.607911764705882 0.9358575296186618 1368.911 3.027 24.350201207243465 497
stats: 200 34 531
stats: size_rcv 7239 113017
stats: size_sent 2176 33984
stats: connected 1 18
# stats: dump at 1768500550
stats: users 20 20
stats: {load,"tsung_controller@shikhar-rai-ThinkPad-E16-Gen-3"} 1 0.1796875 0.0 0.91015625 0.1796875 0.42260742187500006 16
stats: {cpu,"tsung_controller@shikhar-rai-ThinkPad-E16-Gen-3"} 1 1.0095942810559981 0.0 2.8208354312375223 0.8403361344537815 1.2303625690927045 16
stats: {freemem,"tsung_controller@shikhar-rai-ThinkPad-E16-Gen-3"} 1 9891.984375 0.0 9900.14453125 9808.515625 9878.589599609375 16
stats: users_count 0 20
stats: finish_users_count 0 0
stats: request 29 4.937758620689654 0.8430373107124438 1368.662 2.89 22.932467043314496 531
stats: connect 29 1.2776206896551727 0.28249142968911506 2.415 0.384 1.133860640301318 531
stats: page 29 4.937758620689654 0.8430373107124438 1368.662 2.89 22.932467043314496 531
stats: tr_request 29 5.131137931034482 0.8443347401290693 1368.911 3.027 23.08609981167609 531
stats: 200 29 560
stats: size_rcv 6174 119191
stats: size_sent 1856 35840
stats: connected -6 12
# stats: dump at 1768500560
stats: users 20 20
stats: {load,"tsung_controller@shikhar-rai-ThinkPad-E16-Gen-3"} 1 0.1484375 0.0 0.91015625 0.1484375 0.4083180147058824 17
stats: {cpu,"tsung_controller@shikhar-rai-ThinkPad-E16-Gen-3"} 1 0.8965517241379309 0.0 2.8208354312375223 0.8403361344537815 1.2173761992081924 17
stats: {freemem,"tsung_controller@shikhar-rai-ThinkPad-E16-Gen-3"} 1 9899.55078125 0.0 9900.14453125 9808.515625 9879.37752757353 17
stats: users_count 0 20
stats: finish_users_count 0 0
stats: request 37 4.055837837837837 0.5407778938346037 1368.662 2.89 22.00059821428571 560
stats: connect 37 1.0957297297297295 0.20555983526190116 2.415 0.384 1.141305357142857 560
stats: page 37 4.055837837837837 0.5407778938346037 1368.662 2.89 22.00059821428571 560
stats: tr_request 37 4.203972972972971 0.5520607823217005 1368.911 3.027 22.15628928571429 560
stats: 200 37 597
stats: size_rcv 7877 127068
stats: size_sent 2368 38208
stats: connected 5 17
# stats: dump at 1768500570
stats: users 20 20
stats: {load,"tsung_controller@shikhar-rai-ThinkPad-E16-Gen-3"} 1 0.12890625 0.0 0.91015625 0.12890625 0.39388020833333337 18
stats: {cpu,"tsung_controller@shikhar-rai-ThinkPad-E16-Gen-3"} 1 0.7460347313648047 0.0 2.8208354312375223 0.7460347313648047 1.1995526172598447 18
stats: {freemem,"tsung_controller@shikhar-rai-ThinkPad-E16-Gen-3"} 1 9896.19140625 0.0 9900.14453125 9808.515625 9880.498263888889 18
stats: users_count 0 20
stats: finish_users_count 0 0
stats: request 34 4.180911764705884 0.4841854510805361 1368.662 2.89 20.88844388609715 597
stats: connect 34 1.1079705882352944 0.16140695467451538 2.415 0.384 1.1384807370184256 597
stats: page 34 4.180911764705884 0.4841854510805361 1368.662 2.89 20.88844388609715 597
stats: tr_request 34 4.3401176470588245 0.4751918352379558 1368.911 3.027 21.04366666666667 597
stats: 200 34 631
stats: size_rcv 7238 134306
stats: size_sent 2176 40384
stats: connected 1 18
# stats: dump at 1768500580
stats: users 20 20
stats: {load,"tsung_controller@shikhar-rai-ThinkPad-E16-Gen-3"} 1 0.1796875 0.0 0.91015625 0.12890625 0.3799342105263158 19
stats: {cpu,"tsung_controller@shikhar-rai-ThinkPad-E16-Gen-3"} 1 0.7830117764971185 0.0 2.8208354312375223 0.7460347313648047 1.1756832548443163 19
stats: {freemem,"tsung_controller@shikhar-rai-ThinkPad-E16-Gen-3"} 1 9897.54296875 0.0 9900.14453125 9808.515625 9881.32421875 19
stats: users_count 0 20
stats: finish_users_count 0 0
stats: request 29 4.473206896551723 0.6538219402923175 1368.662 2.89 19.98819651347068 631
stats: connect 29 1.1592068965517242 0.17306175483601322 2.415 0.384 1.1368367670364503 631
stats: page 29 4.473206896551723 0.6538219402923175 1368.662 2.89 19.98819651347068 631
stats: tr_request 29 4.627551724137932 0.6531943569981822 1368.911 3.027 20.143633914421557 631
stats: 200 29 660
stats: size_rcv 6169 140475
stats: size_sent 1856 42240
stats: connected -7 11
# stats: dump at 1768500590
stats: users 20 20
stats: {load,"tsung_controller@shikhar-rai-ThinkPad-E16-Gen-3"} 1 0.1484375 0.0 0.91015625 0.12890625 0.36992187500000007 20
stats: {cpu,"tsung_controller@shikhar-rai-ThinkPad-E16-Gen-3"} 1 1.2288401253918495 0.0 2.8208354312375223 0.7460347313648047 1.1560496809269565 20
stats: {freemem,"tsung_controller@shikhar-rai-ThinkPad-E16-Gen-3"} 1 9902.38671875 0.0 9902.38671875 9808.515625 9882.13515625 20
stats: users_count 0 20
stats: finish_users_count 0 0
stats: request 37 4.239702702702702 0.6568163948008466 1368.662 2.89 19.30647727272727 660
stats: connect 37 1.0428648648648653 0.20832889306200716 2.415 0.384 1.1378196969696972 660
stats: page 37 4.239702702702702 0.6568163948008466 1368.662 2.89 19.30647727272727 660
stats: tr_request 37 4.381324324324323 0.6627743105353622 1368.911 3.027 19.46186666666667 660
stats: 200 37 697
stats: size_rcv 7874 148349
stats: size_sent 2368 44608
stats: connected 6 17
# stats: dump at 1768500600
stats: users 20 20
stats: {load,"tsung_controller@shikhar-rai-ThinkPad-E16-Gen-3"} 1 0.12890625 0.0 0.91015625 0.12890625 0.3593750000000001 21
stats: {cpu,"tsung_controller@shikhar-rai-ThinkPad-E16-Gen-3"} 1 0.8212651244436086 0.0 2.8208354312375223 0.7460347313648047 1.159515892568142 21
stats: {freemem,"tsung_controller@shikhar-rai-ThinkPad-E16-Gen-3"} 1 9902.2734375 0.0 9902.38671875 9808.515625 9883.099516369048 21
stats: users_count 0 20
stats: finish_users_count 0 0
stats: request 36 6.448861111111112 4.024544813135034 1368.662 2.89 18.506662840746056 697
stats: connect 36 1.2704722222222218 0.2643398996779116 2.415 0.384 1.1327790530846487 697
stats: page 36 6.448861111111112 4.024544813135034 1368.662 2.89 18.506662840746056 697
stats: tr_request 36 6.628305555555555 4.03824577439432 1368.911 3.027 18.661321377331426 697
stats: 200 36 733
stats: size_rcv 7663 156012
stats: size_sent 2304 46912
stats: connected 3 20
# stats: dump at 1768500610
stats: users 20 20
stats: {load,"tsung_controller@shikhar-rai-ThinkPad-E16-Gen-3"} 1 0.109375 0.0 0.91015625 0.109375 0.3488991477272729 22
stats: {cpu,"tsung_controller@shikhar-rai-ThinkPad-E16-Gen-3"} 1 0.8274824473420261 0.0 2.8208354312375223 0.7460347313648047 1.1441408576533905 22
stats: {freemem,"tsung_controller@shikhar-rai-ThinkPad-E16-Gen-3"} 1 9903.52734375 0.0 9903.52734375 9808.515625 9883.971058238636 22
stats: users_count 0 20
stats: finish_users_count 0 0
stats: request 27 8.697777777777773 10.546212475587948 1368.662 2.89 17.914465211459756 733
stats: connect 27 1.247592592592593 0.31238440934910555 2.415 0.384 1.1395416098226467 733
stats: page 27 8.697777777777773 10.546212475587948 1368.662 2.89 17.914465211459756 733
stats: tr_request 27 8.87362962962963 10.5580575273918 1368.911 3.02 18.07034106412006 733
stats: 200 27 760
stats: size_rcv 5743 161755
stats: size_sent 1728 48640
stats: connected -9 11
# stats: dump at 1768500620
stats: users 20 20
stats: {load,"tsung_controller@shikhar-rai-ThinkPad-E16-Gen-3"} 1 0.171875 0.0 0.91015625 0.109375 0.3384850543478262 23
stats: {cpu,"tsung_controller@shikhar-rai-ThinkPad-E16-Gen-3"} 1 1.5674963947582923 0.0 2.8208354312375223 0.7460347313648047 1.130373100683331 23
stats: {freemem,"tsung_controller@shikhar-rai-ThinkPad-E16-Gen-3"} 1 9838.55859375 0.0 9903.52734375 9808.515625 9884.82133152174 23
stats: users_count 0 20
stats: finish_users_count 0 0
stats: request 37 6.028486486486488 5.513396645820226 1368.662 2.89 17.587030263157896 760
stats: connect 37 1.1442972972972973 0.28166300209550443 2.415 0.384 1.1433802631578949 760
stats: page 37 6.028486486486488 5.513396645820226 1368.662 2.89 17.587030263157896 760
stats: tr_request 37 6.174135135135135 5.514939043852993 1368.911 3.02 17.74361578947369 760
stats: 200 37 797
stats: size_rcv 7877 169632
stats: size_sent 2368 51008
stats: connected 6 17
# stats: dump at 1768500630
stats: users 20 20
stats: {load,"tsung_controller@shikhar-rai-ThinkPad-E16-Gen-3"} 1 0.1484375 0.0 0.91015625 0.109375 0.3315429687500001 24
stats: {cpu,"tsung_controller@shikhar-rai-ThinkPad-E16-Gen-3"} 1 1.2668548134211353 0.0 2.8208354312375223 0.7460347313648047 1.1485865712697878 24
stats: {freemem,"tsung_controller@shikhar-rai-ThinkPad-E16-Gen-3"} 1 9810.9375 0.0 9903.52734375 9808.515625 9882.893717447918 24
stats: users_count 0 20
stats: finish_users_count 0 0
stats: request 34 10.362470588235295 12.868248327330368 1368.662 2.89 17.05043538268507 797
stats: connect 36 1.0706388888888894 0.25567798245034035 2.415 0.384 1.143422835633626 797
stats: page 34 10.362470588235295 12.868248327330368 1368.662 2.89 17.05043538268507 797
stats: tr_request 34 10.497882352941176 12.867006018049112 1368.911 3.02 17.20651317440402 797
stats: 200 34 831
stats: size_rcv 7231 176863
stats: size_sent 2304 53312
stats: connected 3 20
# stats: dump at 1768500640
stats: users 20 20
stats: {load,"tsung_controller@shikhar-rai-ThinkPad-E16-Gen-3"} 1 0.12109375 0.0 0.91015625 0.109375 0.32421875000000017 25
stats: {cpu,"tsung_controller@shikhar-rai-ThinkPad-E16-Gen-3"} 1 1.1707988980716253 0.0 2.8208354312375223 0.7460347313648047 1.1533173009558417 25
stats: {freemem,"tsung_controller@shikhar-rai-ThinkPad-E16-Gen-3"} 1 9817.4453125 0.0 9903.52734375 9808.515625 9880.015468750002 25
stats: users_count 0 20
stats: finish_users_count 0 0
stats: connect 27 1.123333333333333 0.2215248502070575 2.415 0.384 1.1402773109243696 833
stats: request 29 4.409655172413794 0.8214857975502039 1368.662 2.89 16.77680024067389 831
stats: page 29 4.409655172413794 0.8214857975502039 1368.662 2.89 16.77680024067389 831
stats: tr_request 29 4.583586206896553 0.8527633183076827 1368.911 3.02 16.932032490974734 831
stats: 200 29 860
stats: size_rcv 6170 183033
stats: size_sent 1728 55040
stats: connected -9 11
# stats: dump at 1768500650
stats: users 20 20
stats: {load,"tsung_controller@shikhar-rai-ThinkPad-E16-Gen-3"} 1 0.26171875 0.0 0.91015625 0.109375 0.3164062500000001 26
stats: {cpu,"tsung_controller@shikhar-rai-ThinkPad-E16-Gen-3"} 1 0.9516654144753318 0.0 2.8208354312375223 0.7460347313648047 1.1539896700756795 26
stats: {freemem,"tsung_controller@shikhar-rai-ThinkPad-E16-Gen-3"} 1 9818.78125 0.0 9903.52734375 9808.515625 9877.608924278848 26
stats: users_count 0 20
stats: finish_users_count 0 0
stats: request 37 5.09772972972973 0.9037689446602815 1368.662 2.89 16.359768604651165 860
stats: page 37 5.09772972972973 0.9037689446602815 1368.662 2.89 16.359768604651165 860
stats: tr_request 37 5.263567567567568 0.8875244812928166 1368.911 3.02 16.515631395348844 860
stats: connect 37 1.205891891891892 0.24022880802378566 2.415 0.384 1.1397453488372091 860
stats: 200 37 897
stats: size_rcv 7878 190911
stats: size_sent 2368 57408
stats: connected 6 17
# stats: dump at 1768500660
stats: users 20 20
stats: {load,"tsung_controller@shikhar-rai-ThinkPad-E16-Gen-3"} 1 0.37109375 0.0 0.91015625 0.109375 0.31438078703703715 27
stats: {cpu,"tsung_controller@shikhar-rai-ThinkPad-E16-Gen-3"} 1 1.5354725495111556 0.0 2.8208354312375223 0.7460347313648047 1.1464961791275186 27
stats: {freemem,"tsung_controller@shikhar-rai-ThinkPad-E16-Gen-3"} 1 9797.08203125 0.0 9903.52734375 9797.08203125 9875.430121527777 27
stats: users_count 0 20
stats: finish_users_count 0 0
stats: request 36 4.847083333333334 1.0941429770220465 1368.662 2.89 15.895225195094762 897
stats: connect 36 1.1058333333333332 0.24513539342802193 2.415 0.384 1.1424738015607578 897
stats: page 36 4.847083333333334 1.0941429770220465 1368.662 2.89 15.895225195094762 897
stats: tr_request 36 4.993638888888889 1.1025324422734382 1368.911 3.02 16.051499442586408 897
stats: 200 36 933
stats: size_rcv 7663 198574
stats: size_sent 2304 59712
stats: connected -1 16
# stats: dump at 1768500670
stats: users 20 20
stats: {load,"tsung_controller@shikhar-rai-ThinkPad-E16-Gen-3"} 1 0.390625 0.0 0.91015625 0.109375 0.3164062500000001 28
stats: {cpu,"tsung_controller@shikhar-rai-ThinkPad-E16-Gen-3"} 1 1.6616503636819664 0.0 2.8208354312375223 0.7460347313648047 1.1603881923555055 28
stats: {freemem,"tsung_controller@shikhar-rai-ThinkPad-E16-Gen-3"} 1 9820.11328125 0.0 9903.52734375 9797.08203125 9872.63197544643 28
stats: users_count 0 20
stats: finish_users_count 0 0
stats: request 27 4.704 0.7952393536726095 1368.662 2.89 15.468930332261525 933
stats: connect 27 1.1676296296296296 0.27480998797797623 2.415 0.384 1.141060021436227 933
stats: page 27 4.704 0.7952393536726095 1368.662 2.89 15.468930332261525 933
stats: tr_request 27 4.8775925925925945 0.8495158647074076 1368.911 3.02 15.624829581993579 933
stats: 200 27 960
stats: size_rcv 5746 204320
stats: size_sent 1728 61440
stats: connected -5 11
# stats: dump at 1768500680
stats: users 20 20
stats: {load,"tsung_controller@shikhar-rai-ThinkPad-E16-Gen-3"} 1 0.328125 0.0 0.91015625 0.109375 0.31896551724137945 29
stats: {cpu,"tsung_controller@shikhar-rai-ThinkPad-E16-Gen-3"} 1 1.3356744215212892 0.0 2.8208354312375223 0.7460347313648047 1.1776730948150387 29
stats: {freemem,"tsung_controller@shikhar-rai-ThinkPad-E16-Gen-3"} 1 9824.1015625 0.0 9903.52734375 9797.08203125 9870.820985991379 29
stats: users_count 0 20
stats: finish_users_count 0 0
stats: request 37 6.450297297297297 7.762970613718188 1368.662 2.89 15.166166666666669 960
stats: connect 37 1.1198378378378375 0.2471542371610821 2.415 0.384 1.1418072916666664 960
stats: page 37 6.450297297297297 7.762970613718188 1368.662 2.89 15.166166666666669 960
stats: tr_request 37 6.594729729729728 7.77272777138342 1368.911 3.02 15.322563541666677 960
stats: 200 37 997
stats: size_rcv 7873 212193
stats: size_sent 2368 63808
stats: connected 6 17
# stats: dump at 1768500682
stats: users 20 20
stats: {load,"tsung_controller@shikhar-rai-ThinkPad-E16-Gen-3"} 1 0.28125 0.0 0.91015625 0.109375 0.31927083333333345 30
stats: {cpu,"tsung_controller@shikhar-rai-ThinkPad-E16-Gen-3"} 1 2.369578881206788 0.0 2.8208354312375223 0.7460347313648047 1.182939805705247 30
stats: {freemem,"tsung_controller@shikhar-rai-ThinkPad-E16-Gen-3"} 1 9785.87890625 0.0 9903.52734375 9785.87890625 9869.263671875 30
stats: users_count 0 20
stats: finish_users_count 0 0
stats: request 3 5.498333333333334 0.5089075445391715 1368.662 2.89 14.842709127382149 997
stats: connect 3 1.015 0.20899920255031282 2.415 0.384 1.1409919759277831 997
stats: page 3 5.498333333333334 0.5089075445391715 1368.662 2.89 14.842709127382149 997
stats: tr_request 3 5.636333333333334 0.5475912912220409 1368.911 3.02 14.998661985957883 997
stats: 200 3 1000
stats: size_rcv 633 212826
stats: size_sent 192 64000
stats: connected 2 19
stats: error_abort 1 1
EndMonitor:{1768,500682,279089}
