
=INFO REPORT==== 15-Jan-2026::23:36:20 ===
    ts_config_server:(5:<0.135.0>) Config server started, logdir is "/home/shikhar-rai/.tsung/log/20260115-2336"
 
=INFO REPORT==== 15-Jan-2026::23:36:20 ===
              ts_mon:(5:<0.118.0>) starting monitor, global 

=INFO REPORT==== 15-Jan-2026::23:36:20 ===
           ts_config:(5:<0.135.0>) Reading config file: closed.xml

=INFO REPORT==== 15-Jan-2026::23:36:20 ===
           ts_config:(5:<0.135.0>) Session name for id 1 is "webtest"

=INFO REPORT==== 15-Jan-2026::23:36:20 ===
    ts_config_server:(4:<0.135.0>) SYSINFO:Tsung version: 1.7.0

=INFO REPORT==== 15-Jan-2026::23:36:20 ===
    ts_config_server:(4:<0.135.0>) SYSINFO:Erlang version: Erlang/OTP 25 [erts-13.2.2.5] [source] [64-bit] [smp:16:16] [ds:16:16:10] [async-threads:8] [jit:ns]


=INFO REPORT==== 15-Jan-2026::23:36:20 ===
    ts_config_server:(4:<0.135.0>) SYSINFO:System architecture x86_64-pc-linux-gnu

=INFO REPORT==== 15-Jan-2026::23:36:20 ===
    ts_config_server:(4:<0.135.0>) SYSINFO:Current path: /usr/lib/x86_64-linux-gnu/tsung/tsung-1.7.0/ebin/tsung.beam

=INFO REPORT==== 15-Jan-2026::23:36:20 ===
              ts_mon:(5:<0.136.0>) Activate clients with text backend

=INFO REPORT==== 15-Jan-2026::23:36:20 ===
              ts_mon:(5:<0.136.0>) Starting tsung clients on hosts: [localhost]

=INFO REPORT==== 15-Jan-2026::23:36:21 ===
    ts_config_server:(5:<0.176.0>) Remote beam started on node tsung0@localhost 

=INFO REPORT==== 15-Jan-2026::23:36:21 ===
    ts_config_server:(5:<0.135.0>) All remote beams started, syncing 

=INFO REPORT==== 15-Jan-2026::23:36:21 ===
    ts_config_server:(5:<0.135.0>) Undefined ports_range config 

=INFO REPORT==== 15-Jan-2026::23:36:21 ===
    ts_config_server:(5:<0.135.0>) Set max duration of test: 300 s 

=INFO REPORT==== 15-Jan-2026::23:36:21 ===
    ts_config_server:(5:<0.135.0>) New arrival phase 1 for client "localhost" (last ? true): will start 20 users

=INFO REPORT==== 15-Jan-2026::23:41:22 ===
    ts_config_server:(0:<0.135.0>) Tsung test max duration reached, exits ! 

=INFO REPORT==== 15-Jan-2026::23:41:22 ===
              ts_mon:(0:<0.136.0>) Aborting by request !

=INFO REPORT==== 15-Jan-2026::23:41:22 ===
              ts_mon:(5:<0.136.0>) stopping monitor (abort)
