# stats: dump at 1769855903
stats: users 78 78
stats: {load,"tsung_controller@shikhar-rai-ThinkPad-E16-Gen-3"} 1 0.69140625 0 0.69140625 0.69140625 0 0
stats: {cpu,"tsung_controller@shikhar-rai-ThinkPad-E16-Gen-3"} 1 2.919336713352947 0 2.919336713352947 2.919336713352947 0 0
stats: {freemem,"tsung_controller@shikhar-rai-ThinkPad-E16-Gen-3"} 1 10539.8046875 0 10539.8046875 10539.8046875 0 0
stats: users_count 78 78
stats: finish_users_count 0 0
stats: connect 77 833.601103896104 1075.820659395139 3286.379 5.973 0 0
stats: request 77 926.5243116883121 1122.7941330576282 3488.457 23.597 0 0
stats: page 77 926.5243116883121 1122.7941330576282 3488.457 23.597 0 0
stats: tr_http_request 77 926.9347792207794 1123.027757614159 3494.112 23.768 0 0
stats: 200 77 77
stats: size_rcv 20388 20388
stats: size_sent 5005 5005
stats: connected 77 77
# stats: dump at 1769855913
stats: users 176 176
stats: {load,"tsung_controller@shikhar-rai-ThinkPad-E16-Gen-3"} 1 0.66015625 0.0 0.69140625 0.66015625 0.69140625 1
stats: {cpu,"tsung_controller@shikhar-rai-ThinkPad-E16-Gen-3"} 1 1.7193775100401605 0.0 2.919336713352947 1.7193775100401605 2.919336713352947 1
stats: {freemem,"tsung_controller@shikhar-rai-ThinkPad-E16-Gen-3"} 1 10544.48046875 0.0 10544.48046875 10539.8046875 10539.8046875 1
stats: users_count 98 176
stats: finish_users_count 0 0
stats: request 265 123.87240000000008 68.13753466461841 3488.457 22.622 926.5243116883121 77
stats: connect 276 63.820260869565296 50.29295880498065 3286.379 4.986 833.601103896104 77
stats: page 265 123.87240000000008 68.13753466461841 3488.457 22.622 926.5243116883121 77
stats: tr_http_request 265 124.11724150943398 68.14714494847506 3494.112 22.844 926.9347792207794 77
stats: 200 265 342
stats: size_rcv 69938 90326
stats: size_sent 17940 22945
stats: connected 83 160
# stats: dump at 1769855923
stats: users 289 289
stats: {load,"tsung_controller@shikhar-rai-ThinkPad-E16-Gen-3"} 1 1.01953125 0.0 1.01953125 0.66015625 0.67578125 2
stats: {cpu,"tsung_controller@shikhar-rai-ThinkPad-E16-Gen-3"} 1 3.059164879525672 0.0 3.059164879525672 1.7193775100401605 2.3193571116965535 2
stats: {freemem,"tsung_controller@shikhar-rai-ThinkPad-E16-Gen-3"} 1 10534.9609375 0.0 10544.48046875 10534.9609375 10542.142578125 2
stats: users_count 113 289
stats: finish_users_count 0 0
stats: connect 391 50.06289769820973 72.08565538014784 3286.379 4.986 231.73279603399442 353
stats: request 300 1379.4089800000008 834.3792118419973 3488.457 22.622 304.5864269005849 342
stats: page 300 1379.4089800000008 834.3792118419973 3488.457 22.622 304.5864269005849 342
stats: tr_http_request 300 1379.6669466666665 834.3871712976916 3494.112 22.844 304.8685584795322 342
stats: 200 300 642
stats: size_rcv 79186 169512
stats: size_sent 25415 48360
stats: connected 92 252
# stats: dump at 1769855933
stats: users 378 378
stats: {load,"tsung_controller@shikhar-rai-ThinkPad-E16-Gen-3"} 1 0.9296875 0.0 1.01953125 0.66015625 0.7903645833333334 3
stats: {cpu,"tsung_controller@shikhar-rai-ThinkPad-E16-Gen-3"} 1 1.6321129245699162 0.0 3.059164879525672 1.6321129245699162 2.5659597009729262 3
stats: {freemem,"tsung_controller@shikhar-rai-ThinkPad-E16-Gen-3"} 1 10564.27734375 0.0 10564.27734375 10534.9609375 10539.748697916666 3
stats: users_count 89 378
stats: finish_users_count 0 0
stats: request 300 3919.72892666667 705.4456749996408 4955.351 22.622 806.8399563862932 642
stats: connect 386 57.36920207253885 58.90333779313021 3286.379 4.508 136.2584274193549 744
stats: page 300 3919.72892666667 705.4456749996408 4955.351 22.622 806.8399563862932 642
stats: tr_http_request 300 3919.9927100000027 705.4602872467724 4955.837 22.844 807.1107959501558 642
stats: 200 300 942
stats: size_rcv 79184 248696
stats: size_sent 25090 73450
stats: connected 86 338
# stats: dump at 1769855943
stats: users 462 462
stats: {load,"tsung_controller@shikhar-rai-ThinkPad-E16-Gen-3"} 1 0.87109375 0.0 1.01953125 0.66015625 0.8251953125 4
stats: {cpu,"tsung_controller@shikhar-rai-ThinkPad-E16-Gen-3"} 1 3.1072375899962106 0.0 3.1072375899962106 1.6321129245699162 2.3324980068721737 4
stats: {freemem,"tsung_controller@shikhar-rai-ThinkPad-E16-Gen-3"} 1 10486.57421875 0.0 10564.27734375 10486.57421875 10545.880859375 4
stats: users_count 84 462
stats: finish_users_count 0 0
stats: request 300 6522.623873333335 877.6545656100689 8179.637 22.622 1798.205870488324 942
stats: connect 384 56.81526562499996 82.95661610417511 3286.379 4.389 109.3104265486726 1130
stats: page 300 6522.623873333335 877.6545656100689 8179.637 22.622 1798.205870488324 942
stats: tr_http_request 300 6522.897116666661 877.7128000255643 8180.17 22.844 1798.4744628450114 942
stats: 200 300 1242
stats: size_rcv 79181 327877
stats: size_sent 24960 98410
stats: connected 84 422
# stats: dump at 1769855953
stats: users 561 561
stats: {load,"tsung_controller@shikhar-rai-ThinkPad-E16-Gen-3"} 1 0.73828125 0.0 1.01953125 0.66015625 0.834375 5
stats: {cpu,"tsung_controller@shikhar-rai-ThinkPad-E16-Gen-3"} 1 2.456538170823885 0.0 3.1072375899962106 1.6321129245699162 2.4874459234969812 5
stats: {freemem,"tsung_controller@shikhar-rai-ThinkPad-E16-Gen-3"} 1 10505.87109375 0.0 10564.27734375 10486.57421875 10534.01953125 5
stats: users_count 99 561
stats: finish_users_count 0 0
stats: request 272 8634.62555147059 679.5092782816816 10439.517 22.622 2939.369639291467 1242
stats: page 272 8634.62555147059 679.5092782816816 10439.517 22.622 2939.369639291467 1242
stats: connect 345 59.519585507246404 114.8977992409629 3286.379 4.389 95.99593394980185 1514
stats: tr_http_request 272 8634.917731617648 679.5378741635041 10439.896 22.844 2939.639355072463 1242
stats: 200 272 1514
stats: size_rcv 71796 399673
stats: size_sent 22425 120835
stats: connected 73 495
# stats: dump at 1769855963
stats: users 660 660
stats: {load,"tsung_controller@shikhar-rai-ThinkPad-E16-Gen-3"} 1 0.62109375 0.0 1.01953125 0.62109375 0.818359375 6
stats: {cpu,"tsung_controller@shikhar-rai-ThinkPad-E16-Gen-3"} 1 2.809448818897638 0.0 3.1072375899962106 1.6321129245699162 2.4822946313847987 6
stats: {freemem,"tsung_controller@shikhar-rai-ThinkPad-E16-Gen-3"} 1 10570.3515625 0.0 10570.3515625 10486.57421875 10529.328125 6
stats: users_count 99 660
stats: finish_users_count 0 0
stats: request 298 11007.093828859059 951.7620206354283 13434.796 22.622 3962.5596050198164 1514
stats: connect 399 66.09229573934836 85.26958052038879 3286.379 4.389 89.22652017213557 1859
stats: page 298 11007.093828859059 951.7620206354283 13434.796 22.622 3962.5596050198164 1514
stats: tr_http_request 298 11007.402835570481 951.7428787309318 13435.14 22.844 3962.83335667107 1514
stats: 200 298 1812
stats: size_rcv 78640 478313
stats: size_sent 25935 146770
stats: connected 101 596
# stats: dump at 1769855973
stats: users 684 684
stats: {load,"tsung_controller@shikhar-rai-ThinkPad-E16-Gen-3"} 1 0.6015625 0.0 1.01953125 0.6015625 0.7901785714285714 7
stats: {cpu,"tsung_controller@shikhar-rai-ThinkPad-E16-Gen-3"} 1 2.319717599596571 0.0 3.1072375899962106 1.6321129245699162 2.529030943886633 7
stats: {freemem,"tsung_controller@shikhar-rai-ThinkPad-E16-Gen-3"} 1 10562.15625 0.0 10570.3515625 10486.57421875 10535.18861607143 7
stats: session 84 28358.42395238095 26944.48826330129 71963.33 166.075 0 0
stats: users_count 108 768
stats: finish_users_count 84 84
stats: request 275 13362.01451636364 997.3063101903829 14735.67 22.622 5121.097794150111 1812
stats: connect 323 63.73330959752329 74.62481004001191 3286.379 4.29 85.1385859167405 2258
stats: tr_http_request 358 10312.213891061443 5568.75067872974 14706.866 22.844 5121.377343818986 1812
stats: page 275 13362.01451636364 997.3063101903829 14735.67 22.622 5121.097794150111 1812
stats: 200 275 2087
stats: size_rcv 72590 550903
stats: size_sent 20995 167765
stats: connected 26 622
stats: error_connect_econnrefused 344 344
stats: error_abort_max_conn_retries 84 84
# stats: dump at 1769855983
stats: users 653 699
stats: {load,"tsung_controller@shikhar-rai-ThinkPad-E16-Gen-3"} 1 0.51171875 0.0 1.01953125 0.51171875 0.7666015625 8
stats: {cpu,"tsung_controller@shikhar-rai-ThinkPad-E16-Gen-3"} 1 1.5074429998115697 0.0 3.1072375899962106 1.5074429998115697 2.5028667758503755 8
stats: {freemem,"tsung_controller@shikhar-rai-ThinkPad-E16-Gen-3"} 1 10529.93359375 0.0 10570.3515625 10486.57421875 10538.5595703125 8
stats: session 144 27135.660444444427 25253.184737717642 78205.851 136.187 28358.42395238095 84
stats: users_count 113 881
stats: finish_users_count 144 228
stats: connect 275 41.18518181818183 28.58589535690693 3286.379 4.29 82.45981635025187 2581
stats: request 299 15810.907973244148 1046.3602616498338 18071.579 22.622 6206.987635361765 2087
stats: page 299 15810.907973244148 1046.3602616498338 18071.579 22.622 6206.987635361765 2087
stats: tr_http_request 419 11401.942276849642 7053.625058869849 18071.901 22.844 5977.745769585254 2170
stats: 200 299 2386
stats: size_rcv 78907 629810
stats: size_sent 17875 185640
stats: connected -3 619
stats: error_connect_econnrefused 545 889
stats: error_abort_max_conn_retries 119 203
# stats: dump at 1769855993
stats: users 633 699
stats: {load,"tsung_controller@shikhar-rai-ThinkPad-E16-Gen-3"} 1 0.4296875 0.0 1.01953125 0.4296875 0.73828125 9
stats: {cpu,"tsung_controller@shikhar-rai-ThinkPad-E16-Gen-3"} 1 3.734886370829905 0.0 3.734886370829905 1.5074429998115697 2.392264134068286 9
stats: {freemem,"tsung_controller@shikhar-rai-ThinkPad-E16-Gen-3"} 1 10531.40625 0.0 10570.3515625 10486.57421875 10537.601128472223 9
stats: session 115 32790.08005217391 30597.635844077216 92825.885 136.187 27586.15226315788 228
stats: users_count 95 976
stats: finish_users_count 115 343
stats: request 293 16367.394805460739 1047.214448523935 18408.94 22.622 7410.496512573345 2386
stats: connect 274 58.68705474452553 45.764341860930955 3286.379 3.877 78.48554306722691 2856
stats: page 293 16367.394805460739 1047.214448523935 18408.94 22.622 7410.496512573345 2386
stats: tr_http_request 421 11480.107147268402 7450.391254286098 18409.218 22.844 6855.589854770182 2589
stats: 200 293 2679
stats: size_rcv 77330 707140
stats: size_sent 17810 203450
stats: connected -19 600
stats: error_connect_econnrefused 531 1420
stats: error_abort_max_conn_retries 128 331
# stats: dump at 1769856003
stats: users 649 699
stats: {load,"tsung_controller@shikhar-rai-ThinkPad-E16-Gen-3"} 1 0.359375 0.0 1.01953125 0.359375 0.707421875 10
stats: {cpu,"tsung_controller@shikhar-rai-ThinkPad-E16-Gen-3"} 1 3.2564021498577302 0.0 3.734886370829905 1.5074429998115697 2.526526357744448 10
stats: {freemem,"tsung_controller@shikhar-rai-ThinkPad-E16-Gen-3"} 1 10526.078125 0.0 10570.3515625 10486.57421875 10536.981640625 10
stats: session 8 45156.886 37614.335478787056 93178.376 136.187 29330.909393585996 343
stats: users_count 24 1000
stats: finish_users_count 8 351
stats: request 288 15853.28802777777 983.5471819842077 18408.94 22.622 8390.105023142964 2679
stats: connect 309 67.43366990291267 95.72719009560332 3286.379 3.877 76.75238466453676 3130
stats: page 288 15853.28802777777 983.5471819842077 18408.94 22.622 8390.105023142964 2679
stats: tr_http_request 308 14855.463103896102 3966.6527200163473 18409.218 22.844 7502.407721926909 3010
stats: 200 288 2967
stats: size_rcv 76018 783158
stats: size_sent 20085 223535
stats: connected 21 621
stats: error_connect_econnrefused 88 1508
stats: error_abort_max_conn_retries 20 351
# stats: dump at 1769856013
stats: users 649 699
stats: {load,"tsung_controller@shikhar-rai-ThinkPad-E16-Gen-3"} 1 0.30859375 0.0 1.01953125 0.30859375 0.67578125 11
stats: {cpu,"tsung_controller@shikhar-rai-ThinkPad-E16-Gen-3"} 1 2.410934632664684 0.0 3.734886370829905 1.5074429998115697 2.592878702482019 11
stats: {freemem,"tsung_controller@shikhar-rai-ThinkPad-E16-Gen-3"} 1 10538.6328125 0.0 10570.3515625 10486.57421875 10535.990411931818 11
stats: session 0 0 0 93178.376 136.187 29691.615413105403 351
stats: users_count 0 1000
stats: finish_users_count 0 351
stats: request 300 16042.180223333346 1026.5073608787807 18408.94 22.622 9114.539369396698 2967
stats: connect 303 77.70241254125416 134.64440686474313 3286.379 3.877 75.91508229136379 3439
stats: page 300 16042.180223333346 1026.5073608787807 18408.94 22.622 9114.539369396698 2967
stats: tr_http_request 300 16049.848673333336 1016.6649336222362 18409.218 22.844 8184.969824894514 3318
stats: 200 300 3267
stats: size_rcv 79179 862337
stats: size_sent 19695 243230
stats: connected 4 625
stats: error_connect_econnrefused 0 1508
stats: error_abort_max_conn_retries 0 351
# stats: dump at 1769856023
stats: users 649 699
stats: {load,"tsung_controller@shikhar-rai-ThinkPad-E16-Gen-3"} 1 0.26171875 0.0 1.01953125 0.26171875 0.6451822916666666 12
stats: {cpu,"tsung_controller@shikhar-rai-ThinkPad-E16-Gen-3"} 1 1.5562976498015249 0.0 3.734886370829905 1.5074429998115697 2.577716696663908 12
stats: {freemem,"tsung_controller@shikhar-rai-ThinkPad-E16-Gen-3"} 1 10517.65625 0.0 10570.3515625 10486.57421875 10536.210611979166 12
stats: session 0 0 0 93178.376 136.187 29691.615413105403 351
stats: users_count 0 1000
stats: finish_users_count 0 351
stats: request 300 15913.929760000005 693.6191022817109 18408.94 22.622 9750.686371594738 3267
stats: connect 296 43.55604729729734 38.366338088777226 3286.379 3.877 76.05980732228758 3742
stats: page 300 15913.929760000005 693.6191022817109 18408.94 22.622 9750.686371594738 3267
stats: tr_http_request 300 15914.187636666662 693.5937794708184 18409.218 22.844 8837.115666390271 3618
stats: 200 300 3567
stats: size_rcv 79180 941517
stats: size_sent 19240 262470
stats: connected -4 621
stats: error_connect_econnrefused 0 1508
stats: error_abort_max_conn_retries 0 351
# stats: dump at 1769856033
stats: users 649 699
stats: {load,"tsung_controller@shikhar-rai-ThinkPad-E16-Gen-3"} 1 0.21875 0.0 1.01953125 0.21875 0.6156850961538461 13
stats: {cpu,"tsung_controller@shikhar-rai-ThinkPad-E16-Gen-3"} 1 1.6764353690048528 0.0 3.734886370829905 1.5074429998115697 2.499146000751417 13
stats: {freemem,"tsung_controller@shikhar-rai-ThinkPad-E16-Gen-3"} 1 10520.58203125 0.0 10570.3515625 10486.57421875 10534.783353365385 13
stats: session 0 0 0 93178.376 136.187 29691.615413105403 351
stats: users_count 0 1000
stats: finish_users_count 0 351
stats: request 290 15871.020013793112 679.8989864560266 18408.94 22.622 10269.041576675081 3567
stats: connect 295 73.82502372881353 63.26104562548697 3286.379 3.877 73.6771641901932 4038
stats: page 290 15871.020013793112 679.8989864560266 18408.94 22.622 10269.041576675081 3567
stats: tr_http_request 290 15871.344172413805 679.8403292428337 18409.218 22.844 9379.00479122001 3918
stats: 200 290 3857
stats: size_rcv 76532 1018049
stats: size_sent 19175 281645
stats: connected 2 623
stats: error_connect_econnrefused 0 1508
stats: error_abort_max_conn_retries 0 351
# stats: dump at 1769856043
stats: users 649 699
stats: {load,"tsung_controller@shikhar-rai-ThinkPad-E16-Gen-3"} 1 0.1796875 0.0 1.01953125 0.1796875 0.5873325892857143 14
stats: {cpu,"tsung_controller@shikhar-rai-ThinkPad-E16-Gen-3"} 1 2.913664517760081 0.0 3.734886370829905 1.5074429998115697 2.440380955626662 14
stats: {freemem,"tsung_controller@shikhar-rai-ThinkPad-E16-Gen-3"} 1 10539.390625 0.0 10570.3515625 10486.57421875 10533.768973214286 14
stats: session 0 0 0 93178.376 136.187 29691.615413105403 351
stats: users_count 0 1000
stats: finish_users_count 0 351
stats: request 296 15893.73547297297 641.4162542889078 18408.94 22.622 10690.242962924558 3857
stats: connect 300 58.28631333333333 77.93359064307135 3286.379 3.877 73.68723078698365 4333
stats: page 296 15893.73547297297 641.4162542889078 18408.94 22.622 10690.242962924558 3857
stats: tr_http_request 296 15894.029817567573 641.4167151176406 18409.218 22.844 9826.43312309886 4208
stats: 200 296 4153
stats: size_rcv 78127 1096176
stats: size_sent 19500 301145
stats: connected 2 625
stats: error_connect_econnrefused 0 1508
stats: error_abort_max_conn_retries 0 351
# stats: dump at 1769856053
stats: users 649 699
stats: {load,"tsung_controller@shikhar-rai-ThinkPad-E16-Gen-3"} 1 0.23828125 0.0 1.01953125 0.1796875 0.56015625 15
stats: {cpu,"tsung_controller@shikhar-rai-ThinkPad-E16-Gen-3"} 1 2.6295875898600074 0.0 3.734886370829905 1.5074429998115697 2.4719331931022235 15
stats: {freemem,"tsung_controller@shikhar-rai-ThinkPad-E16-Gen-3"} 1 10511.34765625 0.0 10570.3515625 10486.57421875 10534.14375 15
stats: session 0 0 0 93178.376 136.187 29691.615413105403 351
stats: users_count 0 1000
stats: finish_users_count 0 351
stats: request 298 15950.668499999996 650.533657607096 18408.94 22.622 11061.115532867809 4153
stats: connect 300 65.72858333333335 78.72142828952647 3286.379 3.877 72.68997733649906 4633
stats: page 298 15950.668499999996 650.533657607096 18408.94 22.622 11061.115532867809 4153
stats: tr_http_request 298 15951.00037248322 650.5121294509199 18409.218 22.844 10225.191698046183 4504
stats: 200 298 4451
stats: size_rcv 78653 1174829
stats: size_sent 19500 320645
stats: connected 7 632
stats: error_connect_econnrefused 0 1508
stats: error_abort_max_conn_retries 0 351
# stats: dump at 1769856063
stats: users 649 699
stats: {load,"tsung_controller@shikhar-rai-ThinkPad-E16-Gen-3"} 1 0.421875 0.0 1.01953125 0.1796875 0.5400390625 16
stats: {cpu,"tsung_controller@shikhar-rai-ThinkPad-E16-Gen-3"} 1 1.1544011544011543 0.0 3.734886370829905 1.1544011544011543 2.481786592899585 16
stats: {freemem,"tsung_controller@shikhar-rai-ThinkPad-E16-Gen-3"} 1 10574.90625 0.0 10574.90625 10486.57421875 10532.718994140625 16
stats: session 0 0 0 93178.376 136.187 29691.615413105403 351
stats: users_count 0 1000
stats: finish_users_count 0 351
stats: request 300 15958.904566666666 663.6150712382024 18408.94 22.622 11388.477200853744 4451
stats: connect 298 57.728355704697975 43.0201959411283 3286.379 3.877 72.26662071761608 4933
stats: page 300 15958.904566666666 663.6150712382024 18408.94 22.622 11388.477200853744 4451
stats: tr_http_request 300 15959.198829999994 663.6209731098348 18409.218 22.844 10580.520932736361 4802
stats: 200 300 4751
stats: size_rcv 79192 1254021
stats: size_sent 19370 340015
stats: connected -2 630
stats: error_connect_econnrefused 0 1508
stats: error_abort_max_conn_retries 0 351
# stats: dump at 1769856073
stats: users 649 699
stats: {load,"tsung_controller@shikhar-rai-ThinkPad-E16-Gen-3"} 1 0.359375 0.0 1.01953125 0.1796875 0.5330882352941176 17
stats: {cpu,"tsung_controller@shikhar-rai-ThinkPad-E16-Gen-3"} 1 1.072503763171099 0.0 3.734886370829905 1.072503763171099 2.4037050965173243 17
stats: {freemem,"tsung_controller@shikhar-rai-ThinkPad-E16-Gen-3"} 1 10563.19921875 0.0 10574.90625 10486.57421875 10535.20059742647 17
stats: session 0 0 0 93178.376 136.187 29691.615413105403 351
stats: users_count 0 1000
stats: finish_users_count 0 351
stats: page 294 15913.240639455784 689.1274219302686 18408.94 22.622 11677.075013891814 4751
stats: request 294 15913.240639455784 689.1274219302686 18408.94 22.622 11677.075013891814 4751
stats: tr_http_request 294 15913.49894897959 689.1066463023736 18409.218 22.844 10896.789723245787 5102
stats: connect 296 38.752986486486456 31.31982909737864 3286.379 3.877 71.43840374689354 5231
stats: 200 294 5045
stats: size_rcv 77610 1331631
stats: size_sent 19240 359255
stats: connected 0 630
stats: error_connect_econnrefused 0 1508
stats: error_abort_max_conn_retries 0 351
# stats: dump at 1769856083
stats: users 649 699
stats: {load,"tsung_controller@shikhar-rai-ThinkPad-E16-Gen-3"} 1 0.30078125 0.0 1.01953125 0.1796875 0.5234375 18
stats: {cpu,"tsung_controller@shikhar-rai-ThinkPad-E16-Gen-3"} 1 1.3880165808315537 0.0 3.734886370829905 1.072503763171099 2.3297494668869785 18
stats: {freemem,"tsung_controller@shikhar-rai-ThinkPad-E16-Gen-3"} 1 10570.93359375 0.0 10574.90625 10486.57421875 10536.756076388889 18
stats: session 0 0 0 93178.376 136.187 29691.615413105403 351
stats: users_count 0 1000
stats: finish_users_count 0 351
stats: request 289 15919.205474048435 654.4184272764975 18408.94 22.622 11923.939769871162 5045
stats: connect 300 91.30865333333335 76.33939814346512 3286.379 3.877 69.68792726614802 5527
stats: page 289 15919.205474048435 654.4184272764975 18408.94 22.622 11923.939769871162 5045
stats: tr_http_request 289 15919.501294117637 654.4161942190185 18409.218 22.844 11170.124139918458 5396
stats: 200 289 5334
stats: size_rcv 76290 1407921
stats: size_sent 19500 378755
stats: connected 2 632
stats: error_connect_econnrefused 0 1508
stats: error_abort_max_conn_retries 0 351
# stats: dump at 1769856093
stats: users 649 699
stats: {load,"tsung_controller@shikhar-rai-ThinkPad-E16-Gen-3"} 1 0.3984375 0.0 1.01953125 0.1796875 0.51171875 19
stats: {cpu,"tsung_controller@shikhar-rai-ThinkPad-E16-Gen-3"} 1 1.2927518042045811 0.0 3.734886370829905 1.072503763171099 2.2801845781472196 19
stats: {freemem,"tsung_controller@shikhar-rai-ThinkPad-E16-Gen-3"} 1 10576.01953125 0.0 10576.01953125 10486.57421875 10538.554893092105 19
stats: session 0 0 0 93178.376 136.187 29691.615413105403 351
stats: users_count 0 1000
stats: finish_users_count 0 351
stats: request 298 16980.00751342281 573.4000758544057 18408.94 22.622 12140.406171916013 5334
stats: connect 291 473.77648453608236 627.4422492188644 3286.379 3.877 70.8010588639094 5827
stats: page 298 16980.00751342281 573.4000758544057 18408.94 22.622 12140.406171916013 5334
stats: tr_http_request 298 16980.31989261746 573.3844769242461 18409.218 22.844 11411.561254705364 5685
stats: 200 298 5632
stats: size_rcv 78649 1486570
stats: size_sent 18915 397670
stats: connected 2 634
stats: error_connect_econnrefused 0 1508
stats: error_abort_max_conn_retries 0 351
# stats: dump at 1769856103
stats: users 649 699
stats: {load,"tsung_controller@shikhar-rai-ThinkPad-E16-Gen-3"} 1 0.33984375 0.0 1.01953125 0.1796875 0.5060546875 20
stats: {cpu,"tsung_controller@shikhar-rai-ThinkPad-E16-Gen-3"} 1 1.0795882500627667 0.0 3.734886370829905 1.072503763171099 2.2308129394500873 20
stats: {freemem,"tsung_controller@shikhar-rai-ThinkPad-E16-Gen-3"} 1 10573.0625 0.0 10576.01953125 10486.57421875 10540.428125 20
stats: session 0 0 0 93178.376 136.187 29691.615413105403 351
stats: users_count 0 1000
stats: finish_users_count 0 351
stats: request 300 16928.629956666646 681.0085977436762 18408.94 22.622 12396.478828125 5632
stats: connect 296 71.26916891891891 124.76840529908561 3286.379 3.877 89.96840912062767 6118
stats: page 300 16928.629956666646 681.0085977436762 18408.94 22.622 12396.478828125 5632
stats: tr_http_request 300 16929.06059666667 680.9785071381315 18409.218 22.844 11688.928808457296 5983
stats: 200 300 5932
stats: size_rcv 79181 1565751
stats: size_sent 19240 416910
stats: connected -2 632
stats: error_connect_econnrefused 0 1508
stats: error_abort_max_conn_retries 0 351
# stats: dump at 1769856113
stats: users 649 699
stats: {load,"tsung_controller@shikhar-rai-ThinkPad-E16-Gen-3"} 1 0.2890625 0.0 1.01953125 0.1796875 0.49813988095238093 21
stats: {cpu,"tsung_controller@shikhar-rai-ThinkPad-E16-Gen-3"} 1 1.0536218250235183 0.0 3.734886370829905 1.0536218250235183 2.1759927161459296 21
stats: {freemem,"tsung_controller@shikhar-rai-ThinkPad-E16-Gen-3"} 1 10566.33984375 0.0 10576.01953125 10486.57421875 10541.982142857143 21
stats: session 0 0 0 93178.376 136.187 29691.615413105403 351
stats: users_count 0 1000
stats: finish_users_count 0 351
stats: request 300 16139.163503333315 1281.796789706837 20884.97 22.622 12625.684043661497 5932
stats: connect 301 97.37405980066438 358.39530749461903 4138.947 3.877 89.10545696913005 6414
stats: page 300 16139.163503333315 1281.796789706837 20884.97 22.622 12625.684043661497 5932
stats: tr_http_request 300 16139.532453333335 1281.8142803034957 20885.288 22.844 11939.134050612765 6283
stats: 200 300 6232
stats: size_rcv 79194 1644945
stats: size_sent 19565 436475
stats: connected 1 633
stats: error_connect_econnrefused 0 1508
stats: error_abort_max_conn_retries 0 351
# stats: dump at 1769856123
stats: users 649 699
stats: {load,"tsung_controller@shikhar-rai-ThinkPad-E16-Gen-3"} 1 0.23828125 0.0 1.01953125 0.1796875 0.48863636363636365 22
stats: {cpu,"tsung_controller@shikhar-rai-ThinkPad-E16-Gen-3"} 1 0.9725795319068833 0.0 3.734886370829905 0.9725795319068833 2.1249758574585473 22
stats: {freemem,"tsung_controller@shikhar-rai-ThinkPad-E16-Gen-3"} 1 10563.44140625 0.0 10576.01953125 10486.57421875 10543.089311079546 22
stats: session 0 0 0 93178.376 136.187 29691.615413105403 351
stats: users_count 0 1000
stats: finish_users_count 0 351
stats: request 300 15995.34433666666 1141.094229866612 20884.97 22.622 12794.818163992297 6232
stats: connect 298 91.73667785234899 311.02007354201015 4152.689 3.877 89.47609724497394 6715
stats: page 300 15995.34433666666 1141.094229866612 20884.97 22.622 12794.818163992297 6232
stats: tr_http_request 300 15995.877436666657 1141.0507741098268 20885.288 22.844 12130.554302901415 6583
stats: 200 300 6532
stats: size_rcv 79176 1724121
stats: size_sent 19370 455845
stats: connected -2 631
stats: error_connect_econnrefused 0 1508
stats: error_abort_max_conn_retries 0 351
# stats: dump at 1769856133
stats: users 649 699
stats: {load,"tsung_controller@shikhar-rai-ThinkPad-E16-Gen-3"} 1 0.28125 0.0 1.01953125 0.1796875 0.47775135869565216 23
stats: {cpu,"tsung_controller@shikhar-rai-ThinkPad-E16-Gen-3"} 1 1.1366490831449385 0.0 3.734886370829905 0.9725795319068833 2.074871669391084 23
stats: {freemem,"tsung_controller@shikhar-rai-ThinkPad-E16-Gen-3"} 1 10549.5 0.0 10576.01953125 10486.57421875 10543.974184782608 23
stats: session 0 0 0 93178.376 136.187 29691.615413105403 351
stats: users_count 0 1000
stats: finish_users_count 0 351
stats: request 300 15975.532626666663 1125.9511343282675 20884.97 22.622 12941.811099050825 6532
stats: connect 287 59.97748780487805 93.73226780941474 4152.689 3.877 89.57215499786112 7013
stats: page 300 15975.532626666663 1125.9511343282675 20884.97 22.622 12941.811099050825 6532
stats: tr_http_request 300 15975.907113333342 1125.8599370656082 20885.288 22.844 12299.026907889001 6883
stats: 200 300 6832
stats: size_rcv 79185 1803306
stats: size_sent 18655 474500
stats: connected -13 618
stats: error_connect_econnrefused 0 1508
stats: error_abort_max_conn_retries 0 351
# stats: dump at 1769856143
stats: users 649 699
stats: {load,"tsung_controller@shikhar-rai-ThinkPad-E16-Gen-3"} 1 0.23828125 0.0 1.01953125 0.1796875 0.4695638020833333 24
stats: {cpu,"tsung_controller@shikhar-rai-ThinkPad-E16-Gen-3"} 1 1.2307692307692308 0.0 3.734886370829905 0.9725795319068833 2.035779061630828 24
stats: {freemem,"tsung_controller@shikhar-rai-ThinkPad-E16-Gen-3"} 1 10555.4765625 0.0 10576.01953125 10486.57421875 10544.204427083334 24
stats: session 0 0 0 93178.376 136.187 29691.615413105403 351
stats: users_count 0 1000
stats: finish_users_count 0 351
stats: request 300 16058.818143333343 1136.5889246109757 20884.97 22.622 13075.024866364169 6832
stats: connect 227 63.596383259911875 217.41602111907378 4152.689 3.877 88.40863863013699 7300
stats: page 300 16058.818143333343 1136.5889246109757 20884.97 22.622 13075.024866364169 6832
stats: tr_http_request 300 16059.813926666673 1136.4247689387942 20885.288 22.844 12452.592836001671 7183
stats: 200 300 7132
stats: size_rcv 79187 1882493
stats: size_sent 14755 489255
stats: connected -73 545
stats: error_connect_econnrefused 0 1508
stats: error_abort_max_conn_retries 0 351
# stats: dump at 1769856153
stats: users 649 699
stats: {load,"tsung_controller@shikhar-rai-ThinkPad-E16-Gen-3"} 1 0.19921875 0.0 1.01953125 0.1796875 0.4603125 25
stats: {cpu,"tsung_controller@shikhar-rai-ThinkPad-E16-Gen-3"} 1 0.9480160723254647 0.0 3.734886370829905 0.9480160723254647 2.0035786683963637 25
stats: {freemem,"tsung_controller@shikhar-rai-ThinkPad-E16-Gen-3"} 1 10555.5078125 0.0 10576.01953125 10486.57421875 10544.6553125 25
stats: session 0 0 0 93178.376 136.187 29691.615413105403 351
stats: users_count 0 1000
stats: finish_users_count 0 351
stats: request 290 16170.016637931036 1084.8575649493491 20884.97 22.622 13200.534959338194 7132
stats: connect 300 121.97140000000007 248.6574345103587 4152.689 3.877 87.66034821309951 7527
stats: page 290 16170.016637931036 1084.8575649493491 20884.97 22.622 13200.534959338194 7132
stats: tr_http_request 290 16170.483789655178 1084.8276869582903 20885.288 22.844 12597.209477348659 7483
stats: 200 290 7422
stats: size_rcv 76540 1959033
stats: size_sent 19500 508755
stats: connected 0 545
stats: error_connect_econnrefused 0 1508
stats: error_abort_max_conn_retries 0 351
# stats: dump at 1769856163
stats: users 649 699
stats: {load,"tsung_controller@shikhar-rai-ThinkPad-E16-Gen-3"} 1 0.171875 0.0 1.01953125 0.171875 0.4502704326923077 26
stats: {cpu,"tsung_controller@shikhar-rai-ThinkPad-E16-Gen-3"} 1 0.9535759096612296 0.0 3.734886370829905 0.9480160723254647 1.9629801070090214 26
stats: {freemem,"tsung_controller@shikhar-rai-ThinkPad-E16-Gen-3"} 1 10561.9453125 0.0 10576.01953125 10486.57421875 10545.072716346154 26
stats: session 0 0 0 93178.376 136.187 29691.615413105403 351
stats: users_count 0 1000
stats: finish_users_count 0 351
stats: request 297 16160.763882154897 1152.461745832191 20884.97 22.622 13316.56159458367 7422
stats: connect 300 203.95400333333333 204.46637027942597 4152.689 3.877 88.97545176951579 7827
stats: page 297 16160.763882154897 1152.461745832191 20884.97 22.622 13316.56159458367 7422
stats: tr_http_request 297 16161.245303030299 1152.3758025072545 20885.288 22.844 12730.523455293967 7773
stats: 200 297 7719
stats: size_rcv 78378 2037411
stats: size_sent 19500 528255
stats: connected 10 555
stats: error_connect_econnrefused 0 1508
stats: error_abort_max_conn_retries 0 351
# stats: dump at 1769856173
stats: users 649 699
stats: {load,"tsung_controller@shikhar-rai-ThinkPad-E16-Gen-3"} 1 0.30859375 0.0 1.01953125 0.171875 0.43995949074074076 27
stats: {cpu,"tsung_controller@shikhar-rai-ThinkPad-E16-Gen-3"} 1 1.154039136979428 0.0 3.734886370829905 0.9480160723254647 1.9255947663665107 27
stats: {freemem,"tsung_controller@shikhar-rai-ThinkPad-E16-Gen-3"} 1 10548.9453125 0.0 10576.01953125 10486.57421875 10545.697627314816 27
stats: session 0 0 0 93178.376 136.187 29691.615413105403 351
stats: users_count 0 1000
stats: finish_users_count 0 351
stats: request 249 16337.108477911652 1114.8236349201534 20884.97 22.622 13425.996505764997 7719
stats: connect 299 100.7708662207358 291.52721151198796 4152.689 3.877 93.21976891842009 8127
stats: page 249 16337.108477911652 1114.8236349201534 20884.97 22.622 13425.996505764997 7719
stats: tr_http_request 249 16337.645108433737 1114.7745002100337 20885.288 22.844 12856.784222180919 8070
stats: 200 249 7968
stats: size_rcv 65727 2103138
stats: size_sent 19435 547690
stats: connected 19 574
stats: error_connect_econnrefused 0 1508
stats: error_abort_max_conn_retries 0 351
# stats: dump at 1769856183
stats: users 649 699
stats: {load,"tsung_controller@shikhar-rai-ThinkPad-E16-Gen-3"} 1 0.26171875 0.0 1.01953125 0.171875 0.43526785714285715 28
stats: {cpu,"tsung_controller@shikhar-rai-ThinkPad-E16-Gen-3"} 1 0.9352247049962339 0.0 3.734886370829905 0.9352247049962339 1.8980392081741149 28
stats: {freemem,"tsung_controller@shikhar-rai-ThinkPad-E16-Gen-3"} 1 10542.890625 0.0 10576.01953125 10486.57421875 10545.81361607143 28
stats: session 0 0 0 93178.376 136.187 29691.615413105403 351
stats: users_count 0 1000
stats: finish_users_count 0 351
stats: request 289 16047.194910034586 1172.7696674420736 20884.97 22.622 13516.96875489458 7968
stats: connect 300 107.21142666666653 388.13629128916136 4390.525 3.877 93.48772264419655 8426
stats: page 289 16047.194910034586 1172.7696674420736 20884.97 22.622 13516.96875489458 7968
stats: tr_http_request 289 16047.806394463663 1172.600679943536 20885.288 22.844 12960.97154766198 8319
stats: 200 289 8257
stats: size_rcv 76275 2179413
stats: size_sent 19500 567190
stats: connected 34 608
stats: error_connect_econnrefused 0 1508
stats: error_abort_max_conn_retries 0 351
# stats: dump at 1769856193
stats: users 649 699
stats: {load,"tsung_controller@shikhar-rai-ThinkPad-E16-Gen-3"} 1 0.2890625 0.0 1.01953125 0.171875 0.4292834051724138 29
stats: {cpu,"tsung_controller@shikhar-rai-ThinkPad-E16-Gen-3"} 1 0.928656585304637 0.0 3.734886370829905 0.928656585304637 1.8648387080645328 29
stats: {freemem,"tsung_controller@shikhar-rai-ThinkPad-E16-Gen-3"} 1 10540.39453125 0.0 10576.01953125 10486.57421875 10545.712823275862 29
stats: session 0 0 0 93178.376 136.187 29691.615413105403 351
stats: users_count 0 1000
stats: finish_users_count 0 351
stats: request 274 15864.59683576643 1085.686856592325 20884.97 22.622 13605.528202494856 8257
stats: connect 300 74.64962666666666 230.9460075561831 4390.525 3.877 93.95954377721752 8726
stats: page 274 15864.59683576643 1085.686856592325 20884.97 22.622 13605.528202494856 8257
stats: tr_http_request 274 15864.976755474447 1085.6168202340791 20885.288 22.844 13064.607150673794 8608
stats: 200 274 8531
stats: size_rcv 72324 2251737
stats: size_sent 19500 586690
stats: connected 37 645
stats: error_connect_econnrefused 0 1508
stats: error_abort_max_conn_retries 0 351
# stats: dump at 1769856203
stats: users 649 699
stats: {load,"tsung_controller@shikhar-rai-ThinkPad-E16-Gen-3"} 1 0.25 0.0 1.01953125 0.171875 0.424609375 30
stats: {cpu,"tsung_controller@shikhar-rai-ThinkPad-E16-Gen-3"} 1 1.4244477911646587 0.0 3.734886370829905 0.928656585304637 1.8336326373058696 30
stats: {freemem,"tsung_controller@shikhar-rai-ThinkPad-E16-Gen-3"} 1 10540.1640625 0.0 10576.01953125 10486.57421875 10545.535546875 30
stats: session 0 0 0 93178.376 136.187 29691.615413105403 351
stats: users_count 0 1000
stats: finish_users_count 0 351
stats: request 296 15961.523064189201 1183.390086787523 20884.97 22.622 13678.085324229283 8531
stats: connect 288 52.81645486111106 67.96038965429227 4390.525 3.877 93.31773399069357 9026
stats: page 296 15961.523064189201 1183.390086787523 20884.97 22.622 13678.085324229283 8531
stats: tr_http_request 296 15961.899814189188 1183.4015644149201 20885.288 22.844 13150.9954947084 8882
stats: 200 296 8827
stats: size_rcv 78109 2329846
stats: size_sent 18720 605410
stats: connected -8 637
stats: error_connect_econnrefused 0 1508
stats: error_abort_max_conn_retries 0 351
# stats: dump at 1769856213
stats: users 649 699
stats: {load,"tsung_controller@shikhar-rai-ThinkPad-E16-Gen-3"} 1 0.2890625 0.0 1.01953125 0.171875 0.41897681451612906 31
stats: {cpu,"tsung_controller@shikhar-rai-ThinkPad-E16-Gen-3"} 1 1.0106716886377902 0.0 3.734886370829905 0.928656585304637 1.8204331261400242 31
stats: {freemem,"tsung_controller@shikhar-rai-ThinkPad-E16-Gen-3"} 1 10543.41796875 0.0 10576.01953125 10486.57421875 10545.362273185483 31
stats: session 0 0 0 93178.376 136.187 29691.615413105403 351
stats: users_count 0 1000
stats: finish_users_count 0 351
stats: request 300 16036.511700000008 1201.7224084211996 20884.97 22.622 13754.656930780564 8827
stats: connect 300 75.93177999999997 125.83466794344977 4390.525 3.877 92.06538608546276 9314
stats: page 300 16036.511700000008 1201.7224084211996 20884.97 22.622 13754.656930780564 8827
stats: tr_http_request 300 16036.953963333332 1201.693569742587 20885.288 22.844 13241.65006853345 9178
stats: 200 300 9127
stats: size_rcv 79170 2409016
stats: size_sent 19500 624910
stats: connected 0 637
stats: error_connect_econnrefused 0 1508
stats: error_abort_max_conn_retries 0 351
# stats: dump at 1769856223
stats: users 649 699
stats: {load,"tsung_controller@shikhar-rai-ThinkPad-E16-Gen-3"} 1 0.23828125 0.0 1.01953125 0.171875 0.4149169921875 32
stats: {cpu,"tsung_controller@shikhar-rai-ThinkPad-E16-Gen-3"} 1 1.1245837783501915 0.0 3.734886370829905 0.928656585304637 1.7951280812180794 32
stats: {freemem,"tsung_controller@shikhar-rai-ThinkPad-E16-Gen-3"} 1 10542.85546875 0.0 10576.01953125 10486.57421875 10545.301513671875 32
stats: session 0 0 0 93178.376 136.187 29691.615413105403 351
stats: users_count 0 1000
stats: finish_users_count 0 351
stats: request 300 16029.159630000004 1267.2602270527989 20884.97 22.622 13829.660374493267 9127
stats: connect 297 116.79362289562289 403.2233326691642 4390.525 3.877 91.56194508009155 9614
stats: page 300 16029.159630000004 1267.2602270527989 20884.97 22.622 13829.660374493267 9127
stats: tr_http_request 300 16029.5615 1267.2888351066792 20885.288 22.844 13330.127718717029 9478
stats: 200 300 9427
stats: size_rcv 79168 2488184
stats: size_sent 19305 644215
stats: connected -3 634
stats: error_connect_econnrefused 0 1508
stats: error_abort_max_conn_retries 0 351
# stats: dump at 1769856233
stats: users 649 699
stats: {load,"tsung_controller@shikhar-rai-ThinkPad-E16-Gen-3"} 1 0.2109375 0.0 1.01953125 0.171875 0.4095643939393939 33
stats: {cpu,"tsung_controller@shikhar-rai-ThinkPad-E16-Gen-3"} 1 0.9664261060558519 0.0 3.734886370829905 0.928656585304637 1.7748085568887495 33
stats: {freemem,"tsung_controller@shikhar-rai-ThinkPad-E16-Gen-3"} 1 10540.921875 0.0 10576.01953125 10486.57421875 10545.227391098484 33
stats: session 0 0 0 93178.376 136.187 29691.615413105403 351
stats: users_count 0 1000
stats: finish_users_count 0 351
stats: request 300 16041.331676666668 1334.1955287842302 20884.97 22.622 13899.656107669465 9427
stats: connect 302 109.38672185430461 412.390296432595 5167.054 3.877 92.3180552920997 9911
stats: page 300 16041.331676666668 1334.1955287842302 20884.97 22.622 13899.656107669465 9427
stats: tr_http_request 300 16041.752229999996 1334.203713886388 20885.288 22.844 13412.94937287789 9778
stats: 200 300 9727
stats: size_rcv 79178 2567362
stats: size_sent 19630 663845
stats: connected 2 636
stats: error_connect_econnrefused 0 1508
stats: error_abort_max_conn_retries 0 351
# stats: dump at 1769856243
stats: users 649 699
stats: {load,"tsung_controller@shikhar-rai-ThinkPad-E16-Gen-3"} 1 0.171875 0.0 1.01953125 0.171875 0.40372242647058826 34
stats: {cpu,"tsung_controller@shikhar-rai-ThinkPad-E16-Gen-3"} 1 0.897226753670473 0.0 3.734886370829905 0.897226753670473 1.7510326024524878 34
stats: {freemem,"tsung_controller@shikhar-rai-ThinkPad-E16-Gen-3"} 1 10544.10546875 0.0 10576.01953125 10486.57421875 10545.10075827206 34
stats: session 0 0 0 93178.376 136.187 29691.615413105403 351
stats: users_count 0 1000
stats: finish_users_count 0 351
stats: request 300 16121.966213333333 1387.120025388982 21478.799 22.622 13965.709636064568 9727
stats: connect 298 112.43197315436242 278.369865917594 5167.054 3.877 92.82277841966123 10213
stats: page 300 16121.966213333333 1387.120025388982 21478.799 22.622 13965.709636064568 9727
stats: tr_http_request 300 16122.53562666667 1386.962430377356 21479.014 22.844 13491.203079678507 10078
stats: 200 300 10027
stats: size_rcv 79175 2646537
stats: size_sent 19370 683215
stats: connected -2 634
stats: error_connect_econnrefused 0 1508
stats: error_abort_max_conn_retries 0 351
# stats: dump at 1769856253
stats: users 649 699
stats: {load,"tsung_controller@shikhar-rai-ThinkPad-E16-Gen-3"} 1 0.1484375 0.0 1.01953125 0.1484375 0.3970982142857143 35
stats: {cpu,"tsung_controller@shikhar-rai-ThinkPad-E16-Gen-3"} 1 1.3624662522760094 0.0 3.734886370829905 0.897226753670473 1.7266381496301444 35
stats: {freemem,"tsung_controller@shikhar-rai-ThinkPad-E16-Gen-3"} 1 10555.96484375 0.0 10576.01953125 10486.57421875 10545.072321428572 35
stats: session 0 0 0 93178.376 136.187 29691.615413105403 351
stats: users_count 0 1000
stats: finish_users_count 0 351
stats: request 300 16102.927356666669 1358.3991719036085 21478.799 22.622 14030.223146903365 10027
stats: connect 300 80.1889899999999 116.52536133124224 5167.054 3.877 93.37872362287129 10511
stats: page 300 16102.927356666669 1358.3991719036085 21478.799 22.622 14030.223146903365 10027
stats: tr_http_request 300 16103.54343333333 1358.3280021972876 21479.014 22.844 13567.26780930815 10378
stats: 200 300 10327
stats: size_rcv 79169 2725706
stats: size_sent 19500 702715
stats: connected 0 634
stats: error_connect_econnrefused 0 1508
stats: error_abort_max_conn_retries 0 351
# stats: dump at 1769856263
stats: users 649 699
stats: {load,"tsung_controller@shikhar-rai-ThinkPad-E16-Gen-3"} 1 0.19921875 0.0 1.01953125 0.1484375 0.3901909722222222 36
stats: {cpu,"tsung_controller@shikhar-rai-ThinkPad-E16-Gen-3"} 1 0.9789770944461876 0.0 3.734886370829905 0.897226753670473 1.7165222635925295 36
stats: {freemem,"tsung_controller@shikhar-rai-ThinkPad-E16-Gen-3"} 1 10555.9375 0.0 10576.01953125 10486.57421875 10545.374891493055 36
stats: session 0 0 0 93178.376 136.187 29691.615413105403 351
stats: users_count 0 1000
stats: finish_users_count 0 351
stats: request 298 16186.800832214762 1279.4001247179797 21478.799 22.622 14090.435334656728 10327
stats: connect 298 131.13779530201344 274.0314726541125 5167.054 3.877 93.01271491998891 10811
stats: page 298 16186.800832214762 1279.4001247179797 21478.799 22.622 14090.435334656728 10327
stats: tr_http_request 298 16187.40165436241 1279.4203519154782 21479.014 22.844 13638.524850627457 10678
stats: 200 298 10625
stats: size_rcv 78648 2804354
stats: size_sent 19370 722085
stats: connected -2 632
stats: error_connect_econnrefused 0 1508
stats: error_abort_max_conn_retries 0 351
# stats: dump at 1769856273
stats: users 649 699
stats: {load,"tsung_controller@shikhar-rai-ThinkPad-E16-Gen-3"} 1 0.171875 0.0 1.01953125 0.1484375 0.3850295608108108 37
stats: {cpu,"tsung_controller@shikhar-rai-ThinkPad-E16-Gen-3"} 1 0.8912320341429737 0.0 3.734886370829905 0.8912320341429737 1.6965886103723582 37
stats: {freemem,"tsung_controller@shikhar-rai-ThinkPad-E16-Gen-3"} 1 10559.1171875 0.0 10576.01953125 10486.57421875 10545.660367398648 37
stats: session 0 0 0 93178.376 136.187 29691.615413105403 351
stats: users_count 0 1000
stats: finish_users_count 0 351
stats: request 290 16273.84816206896 1164.7673121526486 21478.799 22.622 14149.232221082357 10625
stats: connect 282 156.9412836879432 201.36273693980996 5167.054 3.877 94.0354238905392 11109
stats: page 290 16273.84816206896 1164.7673121526486 21478.799 22.622 14149.232221082357 10625
stats: tr_http_request 290 16274.587862068984 1164.680360490752 21479.014 22.844 13707.727227405247 10976
stats: 200 290 10915
stats: size_rcv 76551 2880905
stats: size_sent 18330 740415
stats: connected -9 623
stats: error_connect_econnrefused 0 1508
stats: error_abort_max_conn_retries 0 351
# stats: dump at 1769856283
stats: users 649 699
stats: {load,"tsung_controller@shikhar-rai-ThinkPad-E16-Gen-3"} 1 0.140625 0.0 1.01953125 0.140625 0.3794202302631579 38
stats: {cpu,"tsung_controller@shikhar-rai-ThinkPad-E16-Gen-3"} 1 0.8977336932638583 0.0 3.734886370829905 0.8912320341429737 1.6753950162610585 38
stats: {freemem,"tsung_controller@shikhar-rai-ThinkPad-E16-Gen-3"} 1 10549.36328125 0.0 10576.01953125 10486.57421875 10546.014494243422 38
stats: session 0 0 0 93178.376 136.187 29691.615413105403 351
stats: users_count 0 1000
stats: finish_users_count 0 351
stats: request 297 16177.552077441065 1253.4292664774089 21478.799 22.622 14205.681018415029 10915
stats: connect 299 143.87044816053515 432.3745576931198 5167.054 3.877 95.5927456764112 11391
stats: page 297 16177.552077441065 1253.4292664774089 21478.799 22.622 14205.681018415029 10915
stats: tr_http_request 297 16178.006845117836 1253.3634623969942 21479.014 22.844 13773.801218533641 11266
stats: 200 297 11212
stats: size_rcv 78380 2959285
stats: size_sent 19435 759850
stats: connected 5 628
stats: error_connect_econnrefused 0 1508
stats: error_abort_max_conn_retries 0 351
# stats: dump at 1769856293
stats: users 649 699
stats: {load,"tsung_controller@shikhar-rai-ThinkPad-E16-Gen-3"} 1 0.19921875 0.0 1.01953125 0.140625 0.37329727564102566 39
stats: {cpu,"tsung_controller@shikhar-rai-ThinkPad-E16-Gen-3"} 1 0.9475401606425703 0.0 3.734886370829905 0.8912320341429737 1.6554549823380533 39
stats: {freemem,"tsung_controller@shikhar-rai-ThinkPad-E16-Gen-3"} 1 10543.78125 0.0 10576.01953125 10486.57421875 10546.100360576924 39
stats: session 0 0 0 93178.376 136.187 29691.615413105403 351
stats: users_count 0 1000
stats: finish_users_count 0 351
stats: request 300 16037.57541666667 1215.0272377956187 21478.799 22.622 14257.914848644314 11212
stats: connect 302 95.33745033112582 212.681787238734 5167.054 3.877 96.82756458511548 11690
stats: page 300 16037.57541666667 1215.0272377956187 21478.799 22.622 14257.914848644314 11212
stats: tr_http_request 300 16038.064153333326 1214.921499828784 21479.014 22.844 13835.554143474876 11563
stats: 200 300 11512
stats: size_rcv 79182 3038467
stats: size_sent 19630 779480
stats: connected 2 630
stats: error_connect_econnrefused 0 1508
stats: error_abort_max_conn_retries 0 351
# stats: dump at 1769856303
stats: users 649 699
stats: {load,"tsung_controller@shikhar-rai-ThinkPad-E16-Gen-3"} 1 0.171875 0.0 1.01953125 0.140625 0.3689453125 40
stats: {cpu,"tsung_controller@shikhar-rai-ThinkPad-E16-Gen-3"} 1 1.2732860816659348 0.0 3.734886370829905 0.8912320341429737 1.6377571117956662 40
stats: {freemem,"tsung_controller@shikhar-rai-ThinkPad-E16-Gen-3"} 1 10553.34765625 0.0 10576.01953125 10486.57421875 10546.0423828125 40
stats: session 0 0 0 93178.376 136.187 29691.615413105403 351
stats: users_count 0 1000
stats: finish_users_count 0 351
stats: request 300 16109.009590000007 1236.6518011815572 21478.799 22.622 14304.292382557336 11512
stats: connect 299 143.46099665551847 141.07326675845783 5167.054 3.877 96.79003835890593 11992
stats: page 300 16109.009590000007 1236.6518011815572 21478.799 22.622 14304.292382557336 11512
stats: tr_http_request 300 16109.361743333331 1236.6702518271716 21479.014 22.844 13891.252786563262 11863
stats: 200 300 11812
stats: size_rcv 79183 3117650
stats: size_sent 19435 798915
stats: connected -1 629
stats: error_connect_econnrefused 0 1508
stats: error_abort_max_conn_retries 0 351
# stats: dump at 1769856313
stats: users 649 699
stats: {load,"tsung_controller@shikhar-rai-ThinkPad-E16-Gen-3"} 1 0.30078125 0.0 1.01953125 0.140625 0.3641387195121951 41
stats: {cpu,"tsung_controller@shikhar-rai-ThinkPad-E16-Gen-3"} 1 3.2711747347271927 0.0 3.734886370829905 0.8912320341429737 1.6288675744754288 41
stats: {freemem,"tsung_controller@shikhar-rai-ThinkPad-E16-Gen-3"} 1 10440.5390625 0.0 10576.01953125 10440.5390625 10546.220560213415 41
stats: session 0 0 0 93178.376 136.187 29691.615413105403 351
stats: users_count 0 1000
stats: finish_users_count 0 351
stats: request 288 16219.766166666668 1274.442132083199 21478.799 22.622 14350.128410514735 11812
stats: connect 289 126.78870242214526 233.86302270646857 5167.054 3.877 97.92539077373686 12291
stats: page 288 16219.766166666668 1274.442132083199 21478.799 22.622 14350.128410514735 11812
stats: tr_http_request 288 16220.21020486113 1274.370834289072 21479.014 22.844 13945.96237194771 12163
stats: 200 288 12100
stats: size_rcv 76007 3193657
stats: size_sent 18785 817700
stats: connected -11 618
stats: error_connect_econnrefused 0 1508
stats: error_abort_max_conn_retries 0 351
# stats: dump at 1769856323
stats: users 649 699
stats: {load,"tsung_controller@shikhar-rai-ThinkPad-E16-Gen-3"} 1 0.25 0.0 1.01953125 0.140625 0.3626302083333333 42
stats: {cpu,"tsung_controller@shikhar-rai-ThinkPad-E16-Gen-3"} 1 1.1242306242934306 0.0 3.734886370829905 0.8912320341429737 1.6679701259099946 42
stats: {freemem,"tsung_controller@shikhar-rai-ThinkPad-E16-Gen-3"} 1 10468.82421875 0.0 10576.01953125 10440.5390625 10543.704334077382 42
stats: session 0 0 0 93178.376 136.187 29691.615413105403 351
stats: users_count 0 1000
stats: finish_users_count 0 351
stats: request 293 16338.226819112646 1364.9012450417285 21478.799 22.622 14394.62887942149 12100
stats: connect 296 75.66633445945945 206.49480121217343 5167.054 3.877 98.58846685214625 12580
stats: page 293 16338.226819112646 1364.9012450417285 21478.799 22.622 14394.62887942149 12100
stats: tr_http_request 293 16338.742883959036 1364.8925378062597 21479.014 22.844 13998.567253152356 12451
stats: 200 293 12393
stats: size_rcv 77324 3270981
stats: size_sent 19240 836940
stats: connected 15 633
stats: error_connect_econnrefused 0 1508
stats: error_abort_max_conn_retries 0 351
# stats: dump at 1769856333
stats: users 649 699
stats: {load,"tsung_controller@shikhar-rai-ThinkPad-E16-Gen-3"} 1 0.37109375 0.0 1.01953125 0.140625 0.3600109011627907 43
stats: {cpu,"tsung_controller@shikhar-rai-ThinkPad-E16-Gen-3"} 1 1.1486316846598041 0.0 3.734886370829905 0.8912320341429737 1.6553250212212374 43
stats: {freemem,"tsung_controller@shikhar-rai-ThinkPad-E16-Gen-3"} 1 10483.40234375 0.0 10576.01953125 10440.5390625 10541.962936046511 43
stats: session 0 0 0 93178.376 136.187 29691.615413105403 351
stats: users_count 0 1000
stats: finish_users_count 0 351
stats: request 300 16255.313713333331 1315.0979966664845 21478.799 22.622 14440.58015807311 12393
stats: connect 228 99.49483771929825 167.70287677319183 5167.054 3.877 98.06152127990059 12876
stats: page 300 16255.313713333331 1315.0979966664845 21478.799 22.622 14440.58015807311 12393
stats: tr_http_request 300 16255.931780000003 1315.0178022359437 21479.014 22.844 14052.370726145635 12744
stats: 200 300 12693
stats: size_rcv 79178 3350159
stats: size_sent 14820 851760
stats: connected -72 561
stats: error_connect_econnrefused 0 1508
stats: error_abort_max_conn_retries 0 351
# stats: dump at 1769856343
stats: users 649 699
stats: {load,"tsung_controller@shikhar-rai-ThinkPad-E16-Gen-3"} 1 0.3203125 0.0 1.01953125 0.140625 0.3602627840909091 44
stats: {cpu,"tsung_controller@shikhar-rai-ThinkPad-E16-Gen-3"} 1 1.3438834463702587 0.0 3.734886370829905 0.8912320341429737 1.643809263572114 44
stats: {freemem,"tsung_controller@shikhar-rai-ThinkPad-E16-Gen-3"} 1 10523.40625 0.0 10576.01953125 10440.5390625 10540.632013494318 44
stats: session 0 0 0 93178.376 136.187 29691.615413105403 351
stats: users_count 0 1000
stats: finish_users_count 0 351
stats: request 198 16295.406020202014 1415.4390456306369 21478.799 22.622 14483.471520759476 12693
stats: connect 274 184.6044124087592 314.6640512501811 5167.054 3.877 98.08645993589745 13104
stats: page 198 16295.406020202014 1415.4390456306369 21478.799 22.622 14483.471520759476 12693
stats: tr_http_request 198 16295.946045454546 1415.31675954754 21479.014 22.844 14103.050603189206 13044
stats: 200 198 12891
stats: size_rcv 52259 3402418
stats: size_sent 17810 869570
stats: connected 43 604
stats: error_connect_econnrefused 0 1508
stats: error_abort_max_conn_retries 0 351
# stats: dump at 1769856353
stats: users 649 699
stats: {load,"tsung_controller@shikhar-rai-ThinkPad-E16-Gen-3"} 1 0.26953125 0.0 1.01953125 0.140625 0.359375 45
stats: {cpu,"tsung_controller@shikhar-rai-ThinkPad-E16-Gen-3"} 1 1.2175222794025355 0.0 3.734886370829905 0.8912320341429737 1.6371442454120726 45
stats: {freemem,"tsung_controller@shikhar-rai-ThinkPad-E16-Gen-3"} 1 10525.65234375 0.0 10576.01953125 10440.5390625 10540.24921875 45
stats: session 0 0 0 93178.376 136.187 29691.615413105403 351
stats: users_count 0 1000
stats: finish_users_count 0 351
stats: request 301 16707.695591362106 1422.7201139369886 21478.799 22.622 14511.302025056244 12891
stats: connect 312 162.57740705128214 165.41796252656505 5167.054 3.877 99.85846763342802 13378
stats: page 301 16707.695591362106 1422.7201139369886 21478.799 22.622 14511.302025056244 12891
stats: tr_http_request 301 16708.270611295713 1422.5706535168074 21479.014 22.844 14135.83970586014 13242
stats: 200 301 13192
stats: size_rcv 79447 3481865
stats: size_sent 20280 889850
stats: connected 42 646
stats: error_connect_econnrefused 0 1508
stats: error_abort_max_conn_retries 0 351
# stats: dump at 1769856363
stats: users 642 699
stats: {load,"tsung_controller@shikhar-rai-ThinkPad-E16-Gen-3"} 1 0.30078125 0.0 1.01953125 0.140625 0.357421875 46
stats: {cpu,"tsung_controller@shikhar-rai-ThinkPad-E16-Gen-3"} 1 0.972640562248996 0.0 3.734886370829905 0.8912320341429737 1.6280220287596914 46
stats: {freemem,"tsung_controller@shikhar-rai-ThinkPad-E16-Gen-3"} 1 10525.54296875 0.0 10576.01953125 10440.5390625 10539.931895380434 46
stats: session 7 463608.48799999995 2238.6806347560055 467546.846 136.187 29691.615413105403 351
stats: users_count 0 1000
stats: finish_users_count 7 358
stats: request 299 16748.14780267556 1349.8536613612291 21478.799 22.622 14561.41682671316 13192
stats: connect 293 153.56418430034128 243.28641486857475 5167.054 3.877 101.28785471146824 13690
stats: page 299 16748.14780267556 1349.8536613612291 21478.799 22.622 14561.41682671316 13192
stats: tr_http_request 299 16748.568270902993 1349.7805416145752 21479.014 22.844 14193.013279110979 13543
stats: 200 299 13491
stats: size_rcv 78918 3560783
stats: size_sent 19045 908895
stats: connected -5 641
stats: error_connect_econnrefused 0 1508
stats: error_abort_max_conn_retries 0 351
# stats: dump at 1769856373
stats: users 607 699
stats: {load,"tsung_controller@shikhar-rai-ThinkPad-E16-Gen-3"} 1 0.328125 0.0 1.01953125 0.140625 0.3562167553191489 47
stats: {cpu,"tsung_controller@shikhar-rai-ThinkPad-E16-Gen-3"} 1 0.9920261191687072 0.0 3.734886370829905 0.8912320341429737 1.6140777422381871 47
stats: {freemem,"tsung_controller@shikhar-rai-ThinkPad-E16-Gen-3"} 1 10533.86328125 0.0 10576.01953125 10440.5390625 10539.625748005317 47
stats: session 35 467878.1593714285 1671.7229185859596 472530.429 136.187 38176.02353631284 358
stats: users_count 0 1000
stats: finish_users_count 35 393
stats: request 300 16192.034083333327 1527.3463915790949 21478.799 22.622 14609.881177896377 13491
stats: connect 254 111.73193700787407 95.20169653931875 5167.054 3.877 102.38325373668027 13983
stats: page 300 16192.034083333327 1527.3463915790949 21478.799 22.622 14609.881177896377 13491
stats: tr_http_request 300 16192.61050666667 1527.2208592387367 21479.014 22.844 14248.215630111254 13842
stats: 200 300 13791
stats: size_rcv 79186 3639969
stats: size_sent 16510 925405
stats: connected -45 596
stats: error_connect_econnrefused 0 1508
stats: error_abort_max_conn_retries 0 351
# stats: dump at 1769856383
stats: users 590 699
stats: {load,"tsung_controller@shikhar-rai-ThinkPad-E16-Gen-3"} 1 0.28125 0.0 1.01953125 0.140625 0.3556315104166667 48
stats: {cpu,"tsung_controller@shikhar-rai-ThinkPad-E16-Gen-3"} 1 1.07891105256555 0.0 3.734886370829905 0.8912320341429737 1.6011183334242398 48
stats: {freemem,"tsung_controller@shikhar-rai-ThinkPad-E16-Gen-3"} 1 10530.34765625 0.0 10576.01953125 10440.5390625 10539.50569661458 48
stats: session 17 475135.91164705897 2278.400042377115 478572.547 136.187 76444.66158778624 393
stats: users_count 0 1000
stats: finish_users_count 17 410
stats: request 300 16655.032116666665 1239.2854463281815 21478.799 22.622 14644.298252193461 13791
stats: connect 279 421.6709999999999 395.66388629266487 5167.054 3.877 102.55004207347055 14237
stats: page 300 16655.032116666665 1239.2854463281815 21478.799 22.622 14644.298252193461 13791
stats: tr_http_request 300 16655.416376666664 1239.3244588992181 21479.014 22.844 14289.462869749681 14142
stats: 200 300 14091
stats: size_rcv 79183 3719152
stats: size_sent 18135 943540
stats: connected -21 575
stats: error_connect_econnrefused 0 1508
stats: error_abort_max_conn_retries 0 351
# stats: dump at 1769856393
stats: users 567 699
stats: {load,"tsung_controller@shikhar-rai-ThinkPad-E16-Gen-3"} 1 0.30859375 0.0 1.01953125 0.140625 0.35411352040816324 49
stats: {cpu,"tsung_controller@shikhar-rai-ThinkPad-E16-Gen-3"} 1 1.2998430141287285 0.0 3.734886370829905 0.8912320341429737 1.590461041978144 49
stats: {freemem,"tsung_controller@shikhar-rai-ThinkPad-E16-Gen-3"} 1 10475.16015625 0.0 10576.01953125 10440.5390625 10539.318797831631 49
stats: session 23 482920.46313043474 1912.218980582984 485085.445 136.187 92975.76219999997 410
stats: users_count 0 1000
stats: finish_users_count 23 433
stats: request 300 15137.406926666667 615.9777515430728 21478.799 22.622 14687.107148605493 14091
stats: connect 278 92.28495323741008 208.32587905624058 5167.054 3.877 108.68360140534584 14516
stats: page 300 15137.406926666667 615.9777515430728 21478.799 22.622 14687.107148605493 14091
stats: tr_http_request 300 15137.792973333324 616.011802701829 21479.014 22.844 14338.61022136823 14442
stats: 200 300 14391
stats: size_rcv 79180 3798332
stats: size_sent 18070 961610
stats: connected -22 553
stats: error_connect_econnrefused 0 1508
stats: error_abort_max_conn_retries 0 351
# stats: dump at 1769856403
stats: users 543 699
stats: {load,"tsung_controller@shikhar-rai-ThinkPad-E16-Gen-3"} 1 0.33984375 0.0 1.01953125 0.140625 0.353203125 50
stats: {cpu,"tsung_controller@shikhar-rai-ThinkPad-E16-Gen-3"} 1 1.6959798994974875 0.0 3.734886370829905 0.8912320341429737 1.5846486814211556 50
stats: {freemem,"tsung_controller@shikhar-rai-ThinkPad-E16-Gen-3"} 1 10492.8828125 0.0 10576.01953125 10440.5390625 10538.035625 50
stats: session 24 489461.0751666668 2341.6385544806335 493378.289 136.187 113688.76017090066 433
stats: users_count 0 1000
stats: finish_users_count 24 457
stats: request 294 14153.17508843538 608.9569140353541 21478.799 22.622 14696.49426092697 14391
stats: connect 274 185.6239635036498 325.99610086662017 5167.054 3.877 108.37544781668245 14794
stats: page 294 14153.17508843538 608.9569140353541 21478.799 22.622 14696.49426092697 14391
stats: tr_http_request 294 14153.530999999986 609.006531595757 21479.014 22.844 14354.873606634104 14742
stats: 200 294 14685
stats: size_rcv 77597 3875929
stats: size_sent 17810 979420
stats: connected -26 527
stats: error_connect_econnrefused 0 1508
stats: error_abort_max_conn_retries 0 351
# stats: dump at 1769856413
stats: users 529 699
stats: {load,"tsung_controller@shikhar-rai-ThinkPad-E16-Gen-3"} 1 0.2890625 0.0 1.01953125 0.140625 0.35294117647058826 51
stats: {cpu,"tsung_controller@shikhar-rai-ThinkPad-E16-Gen-3"} 1 1.0170768458061277 0.0 3.734886370829905 0.8912320341429737 1.5868316464814758 51
stats: {freemem,"tsung_controller@shikhar-rai-ThinkPad-E16-Gen-3"} 1 10493.74609375 0.0 10576.01953125 10440.5390625 10537.150275735294 51
stats: session 14 497411.1033571428 2143.7154537484453 500195.205 136.187 133422.97364989057 457
stats: users_count 0 1000
stats: finish_users_count 14 471
stats: request 238 13352.438390756299 2052.1369548935445 21478.799 22.622 14685.616778004769 14685
stats: connect 230 206.830204347826 279.08768398264624 5167.054 3.877 109.780152707725 15068
stats: page 238 13352.438390756299 2052.1369548935445 21478.799 22.622 14685.616778004769 14685
stats: tr_http_request 238 13352.837953781509 2052.1065856230816 21479.014 22.844 14350.936740023939 15036
stats: 200 233 14918
stats: size_rcv 61488 3937417
stats: size_sent 16185 995605
stats: connected -41 486
stats: error_connect_econnrefused 0 1508
stats: error_abort_max_conn_retries 0 351
# stats: dump at 1769856423
stats: users 498 699
stats: {load,"tsung_controller@shikhar-rai-ThinkPad-E16-Gen-3"} 1 0.23828125 0.0 1.01953125 0.140625 0.35171274038461536 52
stats: {cpu,"tsung_controller@shikhar-rai-ThinkPad-E16-Gen-3"} 1 1.016438699962354 0.0 3.734886370829905 0.8912320341429737 1.5758748233915654 52
stats: {freemem,"tsung_controller@shikhar-rai-ThinkPad-E16-Gen-3"} 1 10529.71484375 0.0 10576.01953125 10440.5390625 10536.315579927885 52
stats: session 31 502520.08287096757 2453.3746460202965 506205.98 136.187 144242.15372611463 471
stats: users_count 0 1000
stats: finish_users_count 31 502
stats: request 335 12584.716785074634 3315.5881307489476 21478.799 22.622 14664.354534745027 14923
stats: connect 268 433.00236940298527 454.4947500399561 5167.054 3.877 111.23926578637732 15298
stats: page 335 12584.716785074634 3315.5881307489476 21478.799 22.622 14664.354534745027 14923
stats: tr_http_request 335 12585.21746567163 3315.6144181043846 21479.014 22.844 14335.3843299725 15274
stats: 200 314 15232
stats: size_rcv 82876 4020293
stats: size_sent 17875 1013480
stats: connected -9 477
stats: error_connect_econnrefused 0 1508
stats: error_abort_max_conn_retries 0 351
# stats: dump at 1769856433
stats: users 465 699
stats: {load,"tsung_controller@shikhar-rai-ThinkPad-E16-Gen-3"} 1 0.28125 0.0 1.01953125 0.140625 0.34957252358490565 53
stats: {cpu,"tsung_controller@shikhar-rai-ThinkPad-E16-Gen-3"} 1 1.2682865574182207 0.0 3.734886370829905 0.8912320341429737 1.5653194248362972 53
stats: {freemem,"tsung_controller@shikhar-rai-ThinkPad-E16-Gen-3"} 1 10525.58203125 0.0 10576.01953125 10440.5390625 10536.191037735849 53
stats: session 33 509816.875 1806.2349530645808 512654.458 136.187 166366.8864023904 502
stats: users_count 0 1000
stats: finish_users_count 33 535
stats: request 287 11485.709543554 1248.581370504499 21478.799 22.622 14618.69464182724 15258
stats: connect 266 155.26213157894728 324.7334105751607 5167.054 3.877 116.77906482076321 15566
stats: page 287 11485.709543554 1248.581370504499 21478.799 22.622 14618.69464182724 15258
stats: tr_http_request 287 11486.06582578398 1248.5665684848307 21479.014 22.844 14297.822288871801 15609
stats: 200 287 15519
stats: size_rcv 75743 4096036
stats: size_sent 17290 1030770
stats: connected -22 455
stats: error_connect_econnrefused 0 1508
stats: error_abort_max_conn_retries 0 351
# stats: dump at 1769856443
stats: users 434 699
stats: {load,"tsung_controller@shikhar-rai-ThinkPad-E16-Gen-3"} 1 0.23046875 0.0 1.01953125 0.140625 0.3483072916666667 54
stats: {cpu,"tsung_controller@shikhar-rai-ThinkPad-E16-Gen-3"} 1 1.1924187272499058 0.0 3.734886370829905 0.8912320341429737 1.559818816180407 54
stats: {freemem,"tsung_controller@shikhar-rai-ThinkPad-E16-Gen-3"} 1 10521.390625 0.0 10576.01953125 10440.5390625 10535.994574652777 54
stats: session 31 515221.7386774193 2937.3267702552425 518288.178 136.187 187551.65205420557 535
stats: users_count 0 1000
stats: finish_users_count 31 566
stats: request 300 10798.572313333336 924.8550368506238 21478.799 22.622 14560.851816275332 15545
stats: connect 267 93.8535692883895 99.87199305852047 5167.054 3.877 117.42563479029813 15832
stats: page 300 10798.572313333336 924.8550368506238 21478.799 22.622 14560.851816275332 15545
stats: tr_http_request 300 10798.88409666667 924.8692712618218 21479.014 22.844 14247.056429227474 15896
stats: 200 300 15819
stats: size_rcv 79172 4175208
stats: size_sent 17355 1048125
stats: connected -25 430
stats: error_connect_econnrefused 0 1508
stats: error_abort_max_conn_retries 0 351
# stats: dump at 1769856453
stats: users 395 699
stats: {load,"tsung_controller@shikhar-rai-ThinkPad-E16-Gen-3"} 1 0.19921875 0.0 1.01953125 0.140625 0.34616477272727275 55
stats: {cpu,"tsung_controller@shikhar-rai-ThinkPad-E16-Gen-3"} 1 1.0230339546852445 0.0 3.734886370829905 0.8912320341429737 1.5531388145634886 55
stats: {freemem,"tsung_controller@shikhar-rai-ThinkPad-E16-Gen-3"} 1 10530.00390625 0.0 10576.01953125 10440.5390625 10535.729048295454 55
stats: session 39 518728.6643846153 2639.7080025778905 522472.583 136.187 205498.2469045936 566
stats: users_count 0 1000
stats: finish_users_count 39 605
stats: request 306 9220.659225490208 2693.5491025031606 21478.799 9.796 14489.619007762703 15845
stats: connect 185 490.6863027027031 426.07646766846693 5167.054 3.877 117.03469488788124 16099
stats: page 306 9220.659225490208 2693.5491025031606 21478.799 9.796 14489.619007762703 15845
stats: tr_http_request 306 9221.076277777773 2693.6303744369507 21479.014 9.979 14183.185615460603 16196
stats: 200 283 16102
stats: size_rcv 74693 4249901
stats: size_sent 13520 1061645
stats: connected -115 315
stats: error_connect_econnrefused 0 1508
stats: error_abort_max_conn_retries 0 351
# stats: dump at 1769856463
stats: users 333 699
stats: {load,"tsung_controller@shikhar-rai-ThinkPad-E16-Gen-3"} 1 0.171875 0.0 1.01953125 0.140625 0.34354073660714285 56
stats: {cpu,"tsung_controller@shikhar-rai-ThinkPad-E16-Gen-3"} 1 1.4125180488417353 0.0 3.734886370829905 0.8912320341429737 1.5436726563513772 56
stats: {freemem,"tsung_controller@shikhar-rai-ThinkPad-E16-Gen-3"} 1 10505.78125 0.0 10576.01953125 10440.5390625 10535.62681361607 56
stats: session 62 522060.4687258066 2334.408502941874 525279.738 136.187 225689.9597669421 605
stats: users_count 0 1000
stats: finish_users_count 62 667
stats: request 297 7601.994717171715 1045.2597488806878 21478.799 9.796 14389.792266794628 16151
stats: connect 264 179.6149659090907 238.3772656082025 5167.054 3.877 121.27969288872514 16284
stats: page 297 7601.994717171715 1045.2597488806878 21478.799 9.796 14389.792266794628 16151
stats: tr_http_request 297 7602.334942760932 1045.252277111806 21479.014 9.979 14091.172195430852 16502
stats: 200 297 16399
stats: size_rcv 78376 4328277
stats: size_sent 17160 1078805
stats: connected -19 296
stats: error_connect_econnrefused 0 1508
stats: error_abort_max_conn_retries 0 351
# stats: dump at 1769856473
stats: users 256 699
stats: {load,"tsung_controller@shikhar-rai-ThinkPad-E16-Gen-3"} 1 0.140625 0.0 1.01953125 0.140625 0.3405290570175439 57
stats: {cpu,"tsung_controller@shikhar-rai-ThinkPad-E16-Gen-3"} 1 1.2303056933023666 0.0 3.734886370829905 0.8912320341429737 1.5413716983248922 57
stats: {freemem,"tsung_controller@shikhar-rai-ThinkPad-E16-Gen-3"} 1 10502.80078125 0.0 10576.01953125 10440.5390625 10535.103207236842 57
stats: session 77 520600.3637792207 4051.1625940154845 526608.225 136.187 253238.6427586207 667
stats: users_count 0 1000
stats: finish_users_count 77 744
stats: request 296 5303.979057432431 1077.491986456982 21478.799 9.796 14267.225640321012 16448
stats: connect 221 146.3448054298642 353.63323091433 5243.5 3.877 122.21034989122553 16548
stats: page 296 5303.979057432431 1077.491986456982 21478.799 9.796 14267.225640321012 16448
stats: tr_http_request 296 5304.338047297298 1077.505112294681 21479.014 9.979 13976.451993987732 16799
stats: 200 296 16695
stats: size_rcv 78124 4406401
stats: size_sent 14365 1093170
stats: connected -73 223
stats: error_connect_econnrefused 0 1508
stats: error_abort_max_conn_retries 0 351
# stats: dump at 1769856483
stats: users 112 699
stats: {load,"tsung_controller@shikhar-rai-ThinkPad-E16-Gen-3"} 1 0.12109375 0.0 1.01953125 0.12109375 0.33708243534482757 58
stats: {cpu,"tsung_controller@shikhar-rai-ThinkPad-E16-Gen-3"} 1 1.1985441767068272 0.0 3.734886370829905 0.8912320341429737 1.536008491341745 58
stats: {freemem,"tsung_controller@shikhar-rai-ThinkPad-E16-Gen-3"} 1 10508.6640625 0.0 10576.01953125 10440.5390625 10534.546268857759 58
stats: session 144 512123.4322222221 6128.040702521733 526608.225 136.187 280909.1434556452 744
stats: users_count 0 1000
stats: finish_users_count 144 888
stats: request 207 2071.7383671497605 1214.1097932971986 21478.799 9.796 14108.77359848304 16744
stats: connect 152 270.8655263157894 360.72109397737773 5243.5 3.877 122.52841982229114 16769
stats: page 207 2071.7383671497605 1214.1097932971986 21478.799 9.796 14108.77359848304 16744
stats: tr_http_request 207 2071.9912077294684 1214.1239662079095 21479.014 9.979 13826.294302954075 17095
stats: 200 207 16902
stats: size_rcv 54629 4461030
stats: size_sent 9880 1103050
stats: connected -111 112
stats: error_connect_econnrefused 0 1508
stats: error_abort_max_conn_retries 0 351
# stats: dump at 1769856491
stats: users 0 699
stats: {load,"tsung_controller@shikhar-rai-ThinkPad-E16-Gen-3"} 1 0.1015625 0.0 1.01953125 0.1015625 0.3334216101694915 59
stats: {cpu,"tsung_controller@shikhar-rai-ThinkPad-E16-Gen-3"} 1 3.0396282107643033 0.0 3.734886370829905 0.8912320341429737 1.5302887571953907 59
stats: {freemem,"tsung_controller@shikhar-rai-ThinkPad-E16-Gen-3"} 1 10417.25390625 0.0 10576.01953125 10417.25390625 10534.107587394068 59
stats: session 112 499711.82903571456 4083.6782111877633 526608.225 136.187 318403.35244481976 888
stats: users_count 0 1000
stats: finish_users_count 112 1000
stats: request 25 1818.4912800000002 902.2715593036287 21478.799 9.796 13961.78130936228 16951
stats: connect 6 1645.6563333333331 1607.2411754308132 5243.5 3.877 123.8609202765794 16921
stats: page 25 1818.4912800000002 902.2715593036287 21478.799 9.796 13961.78130936228 16951
stats: 200 25 16927
stats: tr_http_request 25 1818.7406800000003 902.2573507370375 21479.014 9.979 13685.666587041955 17302
stats: size_rcv 6598 4467628
stats: size_sent 390 1103440
stats: connected -112 0
stats: error_connect_econnrefused 0 1508
stats: error_abort_max_conn_retries 0 351
EndMonitor:{1769,856491,156360}
